
<!DOCTYPE html>
<html lang="zh-CN">
<head>
    <meta charset="UTF-8">
    <title>Pixsee Test Results (en-US)</title>
    <meta name="generator" content="HTMLTestReport 0.0.1"/>
    <link rel="stylesheet" href="http://unpkg.com/layui@2.6.8/dist/css/layui.css">
    
<style type="text/css">
    .title { width: auto; height: 60px; text-align: center; font: bolder 38px/60px "Microsoft YaHei UI"; color: #009688; }
    .summary span { font: normal 16px/38px "Microsoft YaHei UI"; margin-left: 20px; }
    .success-btn { background-color: #28a745; }
    .skip-btn { background-color: #84898c; }
    .passClass  { background-color: #bdedbc; }
    .failClass  { background-color: #ffefa4; }
    .errorClass { background-color: #ffc9c9; }
    .passCase   { color: #5cb85c; }
    .skipCase   { color: #84898c; }
    .failCase   { color: #FF6600; font-weight: bold; }
    .errorCase  { color: #c00; font-weight: bold; }
    .hiddenRow  { display: none; }
    .testcase   { margin-left: 2em; }
    .layui-table tbody tr:hover, .layui-table-click, .layui-table-header, .layui-table-hover, .layui-table-mend, .layui-table-patch, .layui-table-tool, .layui-table[lay-even] tr:nth-child(even) {
        background-color: transparent;
    }
</style>

    <script type="text/javascript" src="https://cdn.jsdelivr.net/npm/echarts/dist/echarts.min.js"></script>
</head>
<body>
    <script language="javascript" type="text/javascript"><!--
    output_list = Array();
    function showCase(level) {
        trs = document.getElementsByTagName("tr");
        for (var i = 0; i < trs.length; i++) {
            tr = trs[i];
            id = tr.id;
            if (id.substr(0,2) == 'ft') {
                if (level == 2 || level == 0) {
                    tr.className = 'hiddenRow';
                }
                else {
                    tr.className = '';
                }
            }
            if (id.substr(0,2) == 'pt') {
                if (level < 2) {
                    tr.className = 'hiddenRow';
                }
                else {
                    tr.className = '';
                }
            }
        }      
    }
    function showClassDetail(cid, count) {
        var id_list = Array(count);
        var toHide = 1;
        for (var i = 0; i < count; i++) {
            tid0 = 't' + cid.substr(1) + '.' + (i+1);
            tid = 'f' + tid0;
            tr = document.getElementById(tid);
            if (!tr) {
                tid = 'p' + tid0;
                tr = document.getElementById(tid);
            }
            id_list[i] = tid;
            if (tr.className) {
                toHide = 0;
            }
        }
        for (var i = 0; i < count; i++) {
            tid = id_list[i];
            if (toHide) {
                document.getElementById(tid).className = 'hiddenRow';
            }
            else {
                document.getElementById(tid).className = '';
            }
        }
    }
    function showTestDetail(div_id){
        var details_div = document.getElementById(div_id)
        var displayState = details_div.style.display
        if (displayState == 'block' || displayState == '' ) {
            details_div.style.display = 'none'
        }
        else {
            displayState = 'block'
            details_div.style.display = 'block'
        }
    }
    function html_escape(s) {
        s = s.replace(/&/g,'&amp;');
        s = s.replace(/</g,'&lt;');
        s = s.replace(/>/g,'&gt;');
        return s;
    }
    --></script>
    <div class="layui-container">
        
    <!--报告标题-->
    <div class="title">Pixsee Test Results (en-US)</div>
    
    <!--汇总信息-->
    <fieldset class="layui-elem-field summary">
        <legend>测试结果汇总</legend>
        <div class="layui-field-box">
            <table class="layui-table">
                <colgroup>
                    <col width="50%">
                    <col width="50%">
                </colgroup>
                <tbody>
                    <tr>
                        <td>
                            <button type="button" class="layui-btn">开始时间</button>
                            <span class="text-dark">2025-08-25 15:44:58</span>
                        </td>
                        <td>
                            <button type="button" class="layui-btn">执行时间</button>
                            <span class="text-dark">1:07:45.197171 s</span>
                        </td>
                    </tr>
                    <tr>
                        <td>
                            <button type="button" class="layui-btn">用例总数</button>
                            <span class="text-dark">170</span>
                        </td>
                        <td>
                            <button type="button" class="layui-btn">通过率</button>
                            <span class="text-dark">71.76%</span>
                        </td>
                    </tr>
                    <tr>
                        <td colspan="2">
                            <button type="button" class="layui-btn">描述信息</button>
                            <span class="text-dark"></span>
                        </td>
                    </tr>
                    <tr>
                        <td colspan="2" align="center">
                            <button type="button" class="layui-btn success-btn">成功用例：122</button>
                            <button type="button" class="layui-btn layui-btn-warm">失败用例：11</button>
                            <button type="button" class="layui-btn layui-btn-danger">错误用例：23</button>
                            <button type="button" class="layui-btn skip-btn">跳过用例：14</button>
                        </td>
                    </tr>
                </tbody>
            </table>
        </div>
    </fieldset>
    
    <!--图表展示-->
    <fieldset class="layui-elem-field summary">
        <legend>图表展示</legend>
        <div class="layui-field-box">
            <div class="char">
                <div id="chart1" style="width: 49%;height: 400px;float: left"></div>
                <div id="chart2" style="width: 49%;height: 400px;float: left"></div>
            </div>
        </div>
    </fieldset>

        
    <fieldset class="layui-elem-field summary">
        <legend>详细信息</legend>
        <div class="layui-field-box">
            <table id='result_table' class="layui-table">
            <thead>
                <tr id='header_row' style='background-color: #009688; color: #fff'>
                    <th>测试用例</th>
                    <th>总数</th>
                    <th>通过</th>
                    <th>失败</th>
                    <th>错误</th>
                    <th>跳过</th>
                    <th>操作</th>
                </tr>
                </thead>
				<tbody>
                
    <tr class='failClass'>
        <td class="text-center">LoginCase_en_US</td>
        <td class="text-center">5</td>
        <td class="text-center">4</td>
        <td class="text-center">1</td>
        <td class="text-center">0</td>
        <td class="text-center">0</td>
        <td class="text-center"><button type="button" class="layui-btn layui-btn-xs" onclick="showClassDetail('c1',5)">详细</button></td>
    </tr>

<tr id='pt1.1' class='hiddenRow'>
    <td class='passCase'><div class='testcase'>test_01_login_wrong_email_failure</div></td>
    <td>
    <a onfocus='this.blur();' data-toggle="collapse" href="javascript:showTestDetail('div_pt1.1')">
        通过</a>
    </td>
    <td colspan='5'>
    <div id='div_pt1.1' class="collapse in">
        <blockquote class="layui-elem-quote">
            <pre>pt1.1: Wrong email test success
</pre>
        </blockquote>
    </div>
    </td>
</tr>

<tr id='pt1.2' class='hiddenRow'>
    <td class='passCase'><div class='testcase'>test_02_login_wrong_password_failure</div></td>
    <td>
    <a onfocus='this.blur();' data-toggle="collapse" href="javascript:showTestDetail('div_pt1.2')">
        通过</a>
    </td>
    <td colspan='5'>
    <div id='div_pt1.2' class="collapse in">
        <blockquote class="layui-elem-quote">
            <pre>pt1.2: Wrong password test success
</pre>
        </blockquote>
    </div>
    </td>
</tr>

<tr id='pt1.3' class='hiddenRow'>
    <td class='passCase'><div class='testcase'>test_03_login_empty_email_failure</div></td>
    <td>
    <a onfocus='this.blur();' data-toggle="collapse" href="javascript:showTestDetail('div_pt1.3')">
        通过</a>
    </td>
    <td colspan='5'>
    <div id='div_pt1.3' class="collapse in">
        <blockquote class="layui-elem-quote">
            <pre>pt1.3: Empty email test success
</pre>
        </blockquote>
    </div>
    </td>
</tr>

<tr id='ft1.4' class=''>
    <td class='failCase'><div class='testcase'>test_04_login_empty_password_failure</div></td>
    <td>
    <a onfocus='this.blur();' data-toggle="collapse" href="javascript:showTestDetail('div_ft1.4')">
        失败</a>
    </td>
    <td colspan='5'>
    <div id='div_ft1.4' class="collapse in">
        <blockquote class="layui-elem-quote">
            <pre>ft1.4: Empty password test failed
Traceback (most recent call last):
  File "C:\Users\JPR68\Desktop\PythonProject\tests\login_test.py", line 69, in test_04_login_empty_password_failure
    self.assertEqual(login_page.get_password_error_text(), hint)
    ~~~~~~~~~~~~~~~~^^^^^^^^^^^^^^^^^^^^^^^^^^^^^^^^^^^^^^^^^^^^
AssertionError: 'Please enter password.' != 'Please enter password'
- Please enter password.
?                      -
+ Please enter password


During handling of the above exception, another exception occurred:

Traceback (most recent call last):
  File "C:\Users\JPR68\Desktop\PythonProject\tests\login_test.py", line 73, in test_04_login_empty_password_failure
    raise AssertionError("Empty password test failed, expected error message not found")
AssertionError: Empty password test failed, expected error message not found
</pre>
        </blockquote>
    </div>
    </td>
</tr>

<tr id='pt1.5' class='hiddenRow'>
    <td class='passCase'><div class='testcase'>test_05_login_success</div></td>
    <td>
    <a onfocus='this.blur();' data-toggle="collapse" href="javascript:showTestDetail('div_pt1.5')">
        通过</a>
    </td>
    <td colspan='5'>
    <div id='div_pt1.5' class="collapse in">
        <blockquote class="layui-elem-quote">
            <pre>pt1.5: Login test success
[WARNING] test_05_login_success 出現錯誤/失敗，將重啟 driver。
</pre>
        </blockquote>
    </div>
    </td>
</tr>

    <tr class='passClass'>
        <td class="text-center">TutorCase_en_US</td>
        <td class="text-center">5</td>
        <td class="text-center">5</td>
        <td class="text-center">0</td>
        <td class="text-center">0</td>
        <td class="text-center">0</td>
        <td class="text-center"><button type="button" class="layui-btn layui-btn-xs" onclick="showClassDetail('c2',5)">详细</button></td>
    </tr>

<tr id='pt2.1' class='hiddenRow'>
    <td class='passCase'><div class='testcase'>test_01_skip_first_four_tutor</div></td>
    <td>
    <a onfocus='this.blur();' data-toggle="collapse" href="javascript:showTestDetail('div_pt2.1')">
        通过</a>
    </td>
    <td colspan='5'>
    <div id='div_pt2.1' class="collapse in">
        <blockquote class="layui-elem-quote">
            <pre>pt2.1: First tutor success
First tutor description success
Second tutor success
Second tutor description success
Third tutor success
Third tutor description success
Fourth tutor success
Fourth tutor description success
[WARNING] test_01_skip_first_four_tutor 出現錯誤/失敗，將重啟 driver。
</pre>
        </blockquote>
    </div>
    </td>
</tr>

<tr id='pt2.2' class='hiddenRow'>
    <td class='passCase'><div class='testcase'>test_02_menu_tutor</div></td>
    <td>
    <a onfocus='this.blur();' data-toggle="collapse" href="javascript:showTestDetail('div_pt2.2')">
        通过</a>
    </td>
    <td colspan='5'>
    <div id='div_pt2.2' class="collapse in">
        <blockquote class="layui-elem-quote">
            <pre>pt2.2: Pixsee Friends tutor title success
Pixsee Friends tutor description success
[WARNING] test_02_menu_tutor 出現錯誤/失敗，將重啟 driver。
</pre>
        </blockquote>
    </div>
    </td>
</tr>

<tr id='pt2.3' class='hiddenRow'>
    <td class='passCase'><div class='testcase'>test_03_tree_tutor</div></td>
    <td>
    <a onfocus='this.blur();' data-toggle="collapse" href="javascript:showTestDetail('div_pt2.3')">
        通过</a>
    </td>
    <td colspan='5'>
    <div id='div_pt2.3' class="collapse in">
        <blockquote class="layui-elem-quote">
            <pre>pt2.3: Tree tutor title success
Tree tutor description success
[WARNING] test_03_tree_tutor 出現錯誤/失敗，將重啟 driver。
</pre>
        </blockquote>
    </div>
    </td>
</tr>

<tr id='pt2.4' class='hiddenRow'>
    <td class='passCase'><div class='testcase'>test_04_album_tutor</div></td>
    <td>
    <a onfocus='this.blur();' data-toggle="collapse" href="javascript:showTestDetail('div_pt2.4')">
        通过</a>
    </td>
    <td colspan='5'>
    <div id='div_pt2.4' class="collapse in">
        <blockquote class="layui-elem-quote">
            <pre>pt2.4: new function title success
new function message description success
I know button text success
View tutor title success
View tutor description success
Create tutor title success
Create tutor description success
[WARNING] test_04_album_tutor 出現錯誤/失敗，將重啟 driver。
</pre>
        </blockquote>
    </div>
    </td>
</tr>

<tr id='pt2.5' class='hiddenRow'>
    <td class='passCase'><div class='testcase'>test_05_camera_tutor</div></td>
    <td>
    <a onfocus='this.blur();' data-toggle="collapse" href="javascript:showTestDetail('div_pt2.5')">
        通过</a>
    </td>
    <td colspan='5'>
    <div id='div_pt2.5' class="collapse in">
        <blockquote class="layui-elem-quote">
            <pre>pt2.5: Camera tutor title success
Camera tutor description success
Playback first tutor title success
Playback first tutor description success
Playback second tutor title success
Playback second tutor description success
[WARNING] test_05_camera_tutor 出現錯誤/失敗，將重啟 driver。
</pre>
        </blockquote>
    </div>
    </td>
</tr>

    <tr class='passClass'>
        <td class="text-center">BabyCareCase_en_US</td>
        <td class="text-center">1</td>
        <td class="text-center">1</td>
        <td class="text-center">0</td>
        <td class="text-center">0</td>
        <td class="text-center">0</td>
        <td class="text-center"><button type="button" class="layui-btn layui-btn-xs" onclick="showClassDetail('c3',1)">详细</button></td>
    </tr>

<tr id='pt3.1' class='hiddenRow'>
    <td class='passCase'><div class='testcase'>test_baby_care_text</div></td>
    <td>
    <a onfocus='this.blur();' data-toggle="collapse" href="javascript:showTestDetail('div_pt3.1')">
        通过</a>
    </td>
    <td colspan='5'>
    <div id='div_pt3.1' class="collapse in">
        <blockquote class="layui-elem-quote">
            <pre>pt3.1: Header is correct
Title is correct
hungry title is correct
hungry preview is correct
sleepy title is correct
sleepy preview is correct
unwell title is correct
unwell preview is correct
dirty diaper title is correct
dirty diaper preview is correct
colic title is correct
colic preview is correct
pain title is correct
pain preview is correct
clothing title is correct
clothing preview is correct
[WARNING] test_baby_care_text 出現錯誤/失敗，將重啟 driver。
</pre>
        </blockquote>
    </div>
    </td>
</tr>

    <tr class='errorClass'>
        <td class="text-center">UserProfileTest_en_US</td>
        <td class="text-center">24</td>
        <td class="text-center">13</td>
        <td class="text-center">0</td>
        <td class="text-center">1</td>
        <td class="text-center">10</td>
        <td class="text-center"><button type="button" class="layui-btn layui-btn-xs" onclick="showClassDetail('c4',24)">详细</button></td>
    </tr>

<tr id='ft4.1' class=''>
    <td class='skipCase'><div class='testcase'>test_add_backup_email_dialog_with_cancel</div></td>
    <td>
    <a onfocus='this.blur();' data-toggle="collapse" href="javascript:showTestDetail('div_ft4.1')">
        跳过</a>
    </td>
    <td colspan='5'>
    <div id='div_ft4.1' class="collapse in">
        <blockquote class="layui-elem-quote">
            <pre>ft4.1: Test failed with exception: Backup email already exists, skipping this test
</pre>
        </blockquote>
    </div>
    </td>
</tr>

<tr id='pt4.2' class='hiddenRow'>
    <td class='passCase'><div class='testcase'>test_add_or_change_backup_email_with_close</div></td>
    <td>
    <a onfocus='this.blur();' data-toggle="collapse" href="javascript:showTestDetail('div_pt4.2')">
        通过</a>
    </td>
    <td colspan='5'>
    <div id='div_pt4.2' class="collapse in">
        <blockquote class="layui-elem-quote">
            <pre>pt4.2: [WARNING] test_add_or_change_backup_email_with_close 出現錯誤/失敗，將重啟 driver。
</pre>
        </blockquote>
    </div>
    </td>
</tr>

<tr id='pt4.3' class='hiddenRow'>
    <td class='passCase'><div class='testcase'>test_add_or_change_backup_email_with_invalid_email</div></td>
    <td>
    <a onfocus='this.blur();' data-toggle="collapse" href="javascript:showTestDetail('div_pt4.3')">
        通过</a>
    </td>
    <td colspan='5'>
    <div id='div_pt4.3' class="collapse in">
        <blockquote class="layui-elem-quote">
            <pre>pt4.3: [WARNING] test_add_or_change_backup_email_with_invalid_email 出現錯誤/失敗，將重啟 driver。
</pre>
        </blockquote>
    </div>
    </td>
</tr>

<tr id='pt4.4' class='hiddenRow'>
    <td class='passCase'><div class='testcase'>test_add_or_change_backup_email_with_registered_email</div></td>
    <td>
    <a onfocus='this.blur();' data-toggle="collapse" href="javascript:showTestDetail('div_pt4.4')">
        通过</a>
    </td>
    <td colspan='5'>
    <div id='div_pt4.4' class="collapse in">
        <blockquote class="layui-elem-quote">
            <pre>pt4.4: [WARNING] test_add_or_change_backup_email_with_registered_email 出現錯誤/失敗，將重啟 driver。
</pre>
        </blockquote>
    </div>
    </td>
</tr>

<tr id='pt4.5' class='hiddenRow'>
    <td class='passCase'><div class='testcase'>test_backup_baby_profile_dialog_with_cancel</div></td>
    <td>
    <a onfocus='this.blur();' data-toggle="collapse" href="javascript:showTestDetail('div_pt4.5')">
        通过</a>
    </td>
    <td colspan='5'>
    <div id='div_pt4.5' class="collapse in">
        <blockquote class="layui-elem-quote">
            <pre>pt4.5: [WARNING] test_backup_baby_profile_dialog_with_cancel 出現錯誤/失敗，將重啟 driver。
</pre>
        </blockquote>
    </div>
    </td>
</tr>

<tr id='ft4.6' class=''>
    <td class='errorCase'><div class='testcase'>test_backup_baby_profile_dialog_with_ok</div></td>
    <td>
    <a onfocus='this.blur();' data-toggle="collapse" href="javascript:showTestDetail('div_ft4.6')">
        错误</a>
    </td>
    <td colspan='5'>
    <div id='div_ft4.6' class="collapse in">
        <blockquote class="layui-elem-quote">
            <pre>ft4.6: Test failed with exception: Message: An unknown server-side error occurred while processing the command. Original error: Could not proxy command to the remote server. Original error: socket hang up
Stacktrace:
UnknownError: An unknown server-side error occurred while processing the command. Original error: Could not proxy command to the remote server. Original error: socket hang up
    at UIA2Proxy.command (C:\Users\JPR68\scoop\persist\nodejs\bin\node_modules\appium\node_modules\@appium\base-driver\lib\jsonwp-proxy\proxy.js:359:13)
    at processTicksAndRejections (node:internal/process/task_queues:105:5)
    at AndroidUiautomator2Driver.doFindElementOrEls (C:\Users\JPR68\.appium\node_modules\appium-uiautomator2-driver\lib\commands\find.js:40:5)
    at doFind (C:\Users\JPR68\.appium\node_modules\appium-uiautomator2-driver\node_modules\appium-android-driver\lib\commands\find.ts:47:17)
    at wrappedCondFn (C:\Users\JPR68\scoop\persist\nodejs\bin\node_modules\appium\node_modules\@appium\base-driver\lib\basedriver\commands\timeout.ts:141:14)
    at spin (C:\Users\JPR68\scoop\persist\nodejs\bin\node_modules\appium\node_modules\asyncbox\lib\asyncbox.js:219:20)
    at waitForCondition (C:\Users\JPR68\scoop\persist\nodejs\bin\node_modules\appium\node_modules\asyncbox\lib\asyncbox.js:236:10)
    at AndroidUiautomator2Driver.implicitWaitForCondition (C:\Users\JPR68\scoop\persist\nodejs\bin\node_modules\appium\node_modules\@appium\base-driver\lib\basedriver\commands\timeout.ts:143:12)
    at AndroidUiautomator2Driver.findElOrEls (C:\Users\JPR68\.appium\node_modules\appium-uiautomator2-driver\node_modules\appium-android-driver\lib\commands\find.ts:70:5)
    at AndroidUiautomator2Driver.findElOrElsWithProcessing (C:\Users\JPR68\scoop\persist\nodejs\bin\node_modules\appium\node_modules\@appium\base-driver\lib\basedriver\commands\find.ts:60:12)
    at AndroidUiautomator2Driver.findElement (C:\Users\JPR68\scoop\persist\nodejs\bin\node_modules\appium\node_modules\@appium\base-driver\lib\basedriver\commands\find.ts:75:12)
Traceback (most recent call last):
  File "C:\Users\JPR68\Desktop\PythonProject\tests\user_profile_test.py", line 1024, in test_backup_baby_profile_dialog_with_ok
    raise e
  File "C:\Users\JPR68\Desktop\PythonProject\tests\user_profile_test.py", line 1004, in test_backup_baby_profile_dialog_with_ok
    self.assertEqual(user_profile_page.get_delete_dialog_message(), self.get_string("delete_baby_dialog_info"), "Hint is not properly displayed")
                     ~~~~~~~~~~~~~~~~~~~~~~~~~~~~~~~~~~~~~~~~~~~^^
  File "C:\Users\JPR68\Desktop\PythonProject\pages\menu_pages\user_profile_pages\user_profile_page.py", line 278, in get_delete_dialog_message
    WebDriverWait(self.driver, base.wait_time).until(
    ~~~~~~~~~~~~~~~~~~~~~~~~~~~~~~~~~~~~~~~~~~~~~~~~^
        EC.presence_of_element_located(("id", self.deleteAccountDialogMessage))
        ^^^^^^^^^^^^^^^^^^^^^^^^^^^^^^^^^^^^^^^^^^^^^^^^^^^^^^^^^^^^^^^^^^^^^^^
    )
    ^
  File "C:\Users\JPR68\scoop\apps\python\current\Lib\site-packages\selenium\webdriver\support\wait.py", line 129, in until
    value = method(self._driver)
  File "C:\Users\JPR68\scoop\apps\python\current\Lib\site-packages\selenium\webdriver\support\expected_conditions.py", line 104, in _predicate
    return driver.find_element(*locator)
           ~~~~~~~~~~~~~~~~~~~^^^^^^^^^^
  File "C:\Users\JPR68\scoop\apps\python\current\Lib\site-packages\selenium\webdriver\remote\webdriver.py", line 922, in find_element
    return self.execute(Command.FIND_ELEMENT, {"using": by, "value": value})["value"]
           ~~~~~~~~~~~~^^^^^^^^^^^^^^^^^^^^^^^^^^^^^^^^^^^^^^^^^^^^^^^^^^^^^
  File "C:\Users\JPR68\scoop\apps\python\current\Lib\site-packages\selenium\webdriver\remote\webdriver.py", line 454, in execute
    self.error_handler.check_response(response)
    ~~~~~~~~~~~~~~~~~~~~~~~~~~~~~~~~~^^^^^^^^^^
  File "C:\Users\JPR68\scoop\apps\python\current\Lib\site-packages\appium\webdriver\errorhandler.py", line 125, in check_response
    raise exception_class(msg=message, stacktrace=format_stacktrace(stacktrace))
selenium.common.exceptions.WebDriverException: Message: An unknown server-side error occurred while processing the command. Original error: Could not proxy command to the remote server. Original error: socket hang up
Stacktrace:
UnknownError: An unknown server-side error occurred while processing the command. Original error: Could not proxy command to the remote server. Original error: socket hang up
    at UIA2Proxy.command (C:\Users\JPR68\scoop\persist\nodejs\bin\node_modules\appium\node_modules\@appium\base-driver\lib\jsonwp-proxy\proxy.js:359:13)
    at processTicksAndRejections (node:internal/process/task_queues:105:5)
    at AndroidUiautomator2Driver.doFindElementOrEls (C:\Users\JPR68\.appium\node_modules\appium-uiautomator2-driver\lib\commands\find.js:40:5)
    at doFind (C:\Users\JPR68\.appium\node_modules\appium-uiautomator2-driver\node_modules\appium-android-driver\lib\commands\find.ts:47:17)
    at wrappedCondFn (C:\Users\JPR68\scoop\persist\nodejs\bin\node_modules\appium\node_modules\@appium\base-driver\lib\basedriver\commands\timeout.ts:141:14)
    at spin (C:\Users\JPR68\scoop\persist\nodejs\bin\node_modules\appium\node_modules\asyncbox\lib\asyncbox.js:219:20)
    at waitForCondition (C:\Users\JPR68\scoop\persist\nodejs\bin\node_modules\appium\node_modules\asyncbox\lib\asyncbox.js:236:10)
    at AndroidUiautomator2Driver.implicitWaitForCondition (C:\Users\JPR68\scoop\persist\nodejs\bin\node_modules\appium\node_modules\@appium\base-driver\lib\basedriver\commands\timeout.ts:143:12)
    at AndroidUiautomator2Driver.findElOrEls (C:\Users\JPR68\.appium\node_modules\appium-uiautomator2-driver\node_modules\appium-android-driver\lib\commands\find.ts:70:5)
    at AndroidUiautomator2Driver.findElOrElsWithProcessing (C:\Users\JPR68\scoop\persist\nodejs\bin\node_modules\appium\node_modules\@appium\base-driver\lib\basedriver\commands\find.ts:60:12)
    at AndroidUiautomator2Driver.findElement (C:\Users\JPR68\scoop\persist\nodejs\bin\node_modules\appium\node_modules\@appium\base-driver\lib\basedriver\commands\find.ts:75:12)
</pre>
        </blockquote>
    </div>
    </td>
</tr>

<tr id='pt4.7' class='hiddenRow'>
    <td class='passCase'><div class='testcase'>test_backup_email_with_cancel_verification_code</div></td>
    <td>
    <a onfocus='this.blur();' data-toggle="collapse" href="javascript:showTestDetail('div_pt4.7')">
        通过</a>
    </td>
    <td colspan='5'>
    <div id='div_pt4.7' class="collapse in">
        <blockquote class="layui-elem-quote">
            <pre>pt4.7: [WARNING] test_backup_email_with_cancel_verification_code 出現錯誤/失敗，將重啟 driver。
</pre>
        </blockquote>
    </div>
    </td>
</tr>

<tr id='pt4.8' class='hiddenRow'>
    <td class='passCase'><div class='testcase'>test_backup_email_with_resend_verification_code</div></td>
    <td>
    <a onfocus='this.blur();' data-toggle="collapse" href="javascript:showTestDetail('div_pt4.8')">
        通过</a>
    </td>
    <td colspan='5'>
    <div id='div_pt4.8' class="collapse in">
        <blockquote class="layui-elem-quote">
            <pre>pt4.8: [WARNING] test_backup_email_with_resend_verification_code 出現錯誤/失敗，將重啟 driver。
</pre>
        </blockquote>
    </div>
    </td>
</tr>

<tr id='pt4.9' class='hiddenRow'>
    <td class='passCase'><div class='testcase'>test_backup_email_with_wrong_verification_code</div></td>
    <td>
    <a onfocus='this.blur();' data-toggle="collapse" href="javascript:showTestDetail('div_pt4.9')">
        通过</a>
    </td>
    <td colspan='5'>
    <div id='div_pt4.9' class="collapse in">
        <blockquote class="layui-elem-quote">
            <pre>pt4.9: [WARNING] test_backup_email_with_wrong_verification_code 出現錯誤/失敗，將重啟 driver。
</pre>
        </blockquote>
    </div>
    </td>
</tr>

<tr id='pt4.10' class='hiddenRow'>
    <td class='passCase'><div class='testcase'>test_change_password_success</div></td>
    <td>
    <a onfocus='this.blur();' data-toggle="collapse" href="javascript:showTestDetail('div_pt4.10')">
        通过</a>
    </td>
    <td colspan='5'>
    <div id='div_pt4.10' class="collapse in">
        <blockquote class="layui-elem-quote">
            <pre>pt4.10: [WARNING] test_change_password_success 出現錯誤/失敗，將重啟 driver。
</pre>
        </blockquote>
    </div>
    </td>
</tr>

<tr id='pt4.11' class='hiddenRow'>
    <td class='passCase'><div class='testcase'>test_change_password_with_cancel</div></td>
    <td>
    <a onfocus='this.blur();' data-toggle="collapse" href="javascript:showTestDetail('div_pt4.11')">
        通过</a>
    </td>
    <td colspan='5'>
    <div id='div_pt4.11' class="collapse in">
        <blockquote class="layui-elem-quote">
            <pre>pt4.11: [WARNING] test_change_password_with_cancel 出現錯誤/失敗，將重啟 driver。
</pre>
        </blockquote>
    </div>
    </td>
</tr>

<tr id='ft4.12' class=''>
    <td class='skipCase'><div class='testcase'>test_change_password_with_empty</div></td>
    <td>跳过</td>
    <td colspan='5' align='center' style="color:#428bca"></td>
</tr>

<tr id='ft4.13' class=''>
    <td class='skipCase'><div class='testcase'>test_change_password_with_inconsistent_input</div></td>
    <td>跳过</td>
    <td colspan='5' align='center' style="color:#428bca"></td>
</tr>

<tr id='ft4.14' class=''>
    <td class='skipCase'><div class='testcase'>test_change_password_with_less_words</div></td>
    <td>跳过</td>
    <td colspan='5' align='center' style="color:#428bca"></td>
</tr>

<tr id='ft4.15' class=''>
    <td class='skipCase'><div class='testcase'>test_change_password_with_no_lowercase_letter</div></td>
    <td>跳过</td>
    <td colspan='5' align='center' style="color:#428bca"></td>
</tr>

<tr id='ft4.16' class=''>
    <td class='skipCase'><div class='testcase'>test_change_password_with_no_number</div></td>
    <td>跳过</td>
    <td colspan='5' align='center' style="color:#428bca"></td>
</tr>

<tr id='ft4.17' class=''>
    <td class='skipCase'><div class='testcase'>test_change_password_with_no_special_character</div></td>
    <td>跳过</td>
    <td colspan='5' align='center' style="color:#428bca"></td>
</tr>

<tr id='ft4.18' class=''>
    <td class='skipCase'><div class='testcase'>test_change_password_with_no_uppercase_letter</div></td>
    <td>跳过</td>
    <td colspan='5' align='center' style="color:#428bca"></td>
</tr>

<tr id='ft4.19' class=''>
    <td class='skipCase'><div class='testcase'>test_change_password_with_wrong_current_password</div></td>
    <td>跳过</td>
    <td colspan='5' align='center' style="color:#428bca"></td>
</tr>

<tr id='pt4.20' class='hiddenRow'>
    <td class='passCase'><div class='testcase'>test_change_user_profile_success</div></td>
    <td>
    <a onfocus='this.blur();' data-toggle="collapse" href="javascript:showTestDetail('div_pt4.20')">
        通过</a>
    </td>
    <td colspan='5'>
    <div id='div_pt4.20' class="collapse in">
        <blockquote class="layui-elem-quote">
            <pre>pt4.20: [WARNING] test_change_user_profile_success 出現錯誤/失敗，將重啟 driver。
</pre>
        </blockquote>
    </div>
    </td>
</tr>

<tr id='pt4.21' class='hiddenRow'>
    <td class='passCase'><div class='testcase'>test_change_user_profile_with_cancel</div></td>
    <td>
    <a onfocus='this.blur();' data-toggle="collapse" href="javascript:showTestDetail('div_pt4.21')">
        通过</a>
    </td>
    <td colspan='5'>
    <div id='div_pt4.21' class="collapse in">
        <blockquote class="layui-elem-quote">
            <pre>pt4.21: [WARNING] test_change_user_profile_with_cancel 出現錯誤/失敗，將重啟 driver。
</pre>
        </blockquote>
    </div>
    </td>
</tr>

<tr id='pt4.22' class='hiddenRow'>
    <td class='passCase'><div class='testcase'>test_delete_account_dialog_with_cancel</div></td>
    <td>
    <a onfocus='this.blur();' data-toggle="collapse" href="javascript:showTestDetail('div_pt4.22')">
        通过</a>
    </td>
    <td colspan='5'>
    <div id='div_pt4.22' class="collapse in">
        <blockquote class="layui-elem-quote">
            <pre>pt4.22: [WARNING] test_delete_account_dialog_with_cancel 出現錯誤/失敗，將重啟 driver。
</pre>
        </blockquote>
    </div>
    </td>
</tr>

<tr id='pt4.23' class='hiddenRow'>
    <td class='passCase'><div class='testcase'>test_delete_account_page_with_cancel</div></td>
    <td>
    <a onfocus='this.blur();' data-toggle="collapse" href="javascript:showTestDetail('div_pt4.23')">
        通过</a>
    </td>
    <td colspan='5'>
    <div id='div_pt4.23' class="collapse in">
        <blockquote class="layui-elem-quote">
            <pre>pt4.23: [WARNING] test_delete_account_page_with_cancel 出現錯誤/失敗，將重啟 driver。
</pre>
        </blockquote>
    </div>
    </td>
</tr>

<tr id='ft4.24' class=''>
    <td class='skipCase'><div class='testcase'>test_delete_account_success</div></td>
    <td>跳过</td>
    <td colspan='5' align='center' style="color:#428bca"></td>
</tr>

    <tr class='passClass'>
        <td class="text-center">AddBabyTest_en_US</td>
        <td class="text-center">3</td>
        <td class="text-center">3</td>
        <td class="text-center">0</td>
        <td class="text-center">0</td>
        <td class="text-center">0</td>
        <td class="text-center"><button type="button" class="layui-btn layui-btn-xs" onclick="showClassDetail('c5',3)">详细</button></td>
    </tr>

<tr id='pt5.1' class='hiddenRow'>
    <td class='passCase'><div class='testcase'>test_add_baby_profile_cancel_with_no</div></td>
    <td>
    <a onfocus='this.blur();' data-toggle="collapse" href="javascript:showTestDetail('div_pt5.1')">
        通过</a>
    </td>
    <td colspan='5'>
    <div id='div_pt5.1' class="collapse in">
        <blockquote class="layui-elem-quote">
            <pre>pt5.1: [WARNING] test_add_baby_profile_cancel_with_no 出現錯誤/失敗，將重啟 driver。
</pre>
        </blockquote>
    </div>
    </td>
</tr>

<tr id='pt5.2' class='hiddenRow'>
    <td class='passCase'><div class='testcase'>test_add_baby_profile_cancel_with_yes</div></td>
    <td>
    <a onfocus='this.blur();' data-toggle="collapse" href="javascript:showTestDetail('div_pt5.2')">
        通过</a>
    </td>
    <td colspan='5'>
    <div id='div_pt5.2' class="collapse in">
        <blockquote class="layui-elem-quote">
            <pre>pt5.2: [WARNING] test_add_baby_profile_cancel_with_yes 出現錯誤/失敗，將重啟 driver。
</pre>
        </blockquote>
    </div>
    </td>
</tr>

<tr id='pt5.3' class='hiddenRow'>
    <td class='passCase'><div class='testcase'>test_add_baby_profile_success</div></td>
    <td>
    <a onfocus='this.blur();' data-toggle="collapse" href="javascript:showTestDetail('div_pt5.3')">
        通过</a>
    </td>
    <td colspan='5'>
    <div id='div_pt5.3' class="collapse in">
        <blockquote class="layui-elem-quote">
            <pre>pt5.3: [WARNING] test_add_baby_profile_success 出現錯誤/失敗，將重啟 driver。
</pre>
        </blockquote>
    </div>
    </td>
</tr>

    <tr class='passClass'>
        <td class="text-center">EditBabyTestWithAdding_en_US</td>
        <td class="text-center">3</td>
        <td class="text-center">3</td>
        <td class="text-center">0</td>
        <td class="text-center">0</td>
        <td class="text-center">0</td>
        <td class="text-center"><button type="button" class="layui-btn layui-btn-xs" onclick="showClassDetail('c6',3)">详细</button></td>
    </tr>

<tr id='pt6.1' class='hiddenRow'>
    <td class='passCase'><div class='testcase'>test_change_baby_profile_cancel</div></td>
    <td>
    <a onfocus='this.blur();' data-toggle="collapse" href="javascript:showTestDetail('div_pt6.1')">
        通过</a>
    </td>
    <td colspan='5'>
    <div id='div_pt6.1' class="collapse in">
        <blockquote class="layui-elem-quote">
            <pre>pt6.1: [WARNING] test_change_baby_profile_cancel 出現錯誤/失敗，將重啟 driver。
</pre>
        </blockquote>
    </div>
    </td>
</tr>

<tr id='pt6.2' class='hiddenRow'>
    <td class='passCase'><div class='testcase'>test_change_baby_profile_save</div></td>
    <td>
    <a onfocus='this.blur();' data-toggle="collapse" href="javascript:showTestDetail('div_pt6.2')">
        通过</a>
    </td>
    <td colspan='5'>
    <div id='div_pt6.2' class="collapse in">
        <blockquote class="layui-elem-quote">
            <pre>pt6.2: [WARNING] test_change_baby_profile_save 出現錯誤/失敗，將重啟 driver。
</pre>
        </blockquote>
    </div>
    </td>
</tr>

<tr id='pt6.3' class='hiddenRow'>
    <td class='passCase'><div class='testcase'>test_delete_baby_profile_success</div></td>
    <td>
    <a onfocus='this.blur();' data-toggle="collapse" href="javascript:showTestDetail('div_pt6.3')">
        通过</a>
    </td>
    <td colspan='5'>
    <div id='div_pt6.3' class="collapse in">
        <blockquote class="layui-elem-quote">
            <pre>pt6.3: [WARNING] test_delete_baby_profile_success 出現錯誤/失敗，將重啟 driver。
</pre>
        </blockquote>
    </div>
    </td>
</tr>

    <tr class='passClass'>
        <td class="text-center">EditBabyTestWithoutAdding_en_US</td>
        <td class="text-center">6</td>
        <td class="text-center">4</td>
        <td class="text-center">0</td>
        <td class="text-center">0</td>
        <td class="text-center">2</td>
        <td class="text-center"><button type="button" class="layui-btn layui-btn-xs" onclick="showClassDetail('c7',6)">详细</button></td>
    </tr>

<tr id='pt7.1' class='hiddenRow'>
    <td class='passCase'><div class='testcase'>test_backup_baby_profile_dialog_with_cancel</div></td>
    <td>
    <a onfocus='this.blur();' data-toggle="collapse" href="javascript:showTestDetail('div_pt7.1')">
        通过</a>
    </td>
    <td colspan='5'>
    <div id='div_pt7.1' class="collapse in">
        <blockquote class="layui-elem-quote">
            <pre>pt7.1: [WARNING] test_backup_baby_profile_dialog_with_cancel 出現錯誤/失敗，將重啟 driver。
</pre>
        </blockquote>
    </div>
    </td>
</tr>

<tr id='pt7.2' class='hiddenRow'>
    <td class='passCase'><div class='testcase'>test_backup_baby_profile_dialog_with_ok</div></td>
    <td>
    <a onfocus='this.blur();' data-toggle="collapse" href="javascript:showTestDetail('div_pt7.2')">
        通过</a>
    </td>
    <td colspan='5'>
    <div id='div_pt7.2' class="collapse in">
        <blockquote class="layui-elem-quote">
            <pre>pt7.2: [WARNING] test_backup_baby_profile_dialog_with_ok 出現錯誤/失敗，將重啟 driver。
</pre>
        </blockquote>
    </div>
    </td>
</tr>

<tr id='ft7.3' class=''>
    <td class='skipCase'><div class='testcase'>test_change_baby_birthday_dialog_cancel</div></td>
    <td>跳过</td>
    <td colspan='5' align='center' style="color:#428bca"></td>
</tr>

<tr id='ft7.4' class=''>
    <td class='skipCase'><div class='testcase'>test_change_baby_birthday_dialog_ok</div></td>
    <td>跳过</td>
    <td colspan='5' align='center' style="color:#428bca"></td>
</tr>

<tr id='pt7.5' class='hiddenRow'>
    <td class='passCase'><div class='testcase'>test_delete_baby_profile_dialog_with_cancel</div></td>
    <td>
    <a onfocus='this.blur();' data-toggle="collapse" href="javascript:showTestDetail('div_pt7.5')">
        通过</a>
    </td>
    <td colspan='5'>
    <div id='div_pt7.5' class="collapse in">
        <blockquote class="layui-elem-quote">
            <pre>pt7.5: [WARNING] test_delete_baby_profile_dialog_with_cancel 出現錯誤/失敗，將重啟 driver。
</pre>
        </blockquote>
    </div>
    </td>
</tr>

<tr id='pt7.6' class='hiddenRow'>
    <td class='passCase'><div class='testcase'>test_delete_baby_profile_page_with_cancel</div></td>
    <td>
    <a onfocus='this.blur();' data-toggle="collapse" href="javascript:showTestDetail('div_pt7.6')">
        通过</a>
    </td>
    <td colspan='5'>
    <div id='div_pt7.6' class="collapse in">
        <blockquote class="layui-elem-quote">
            <pre>pt7.6: [WARNING] test_delete_baby_profile_page_with_cancel 出現錯誤/失敗，將重啟 driver。
</pre>
        </blockquote>
    </div>
    </td>
</tr>

    <tr class='failClass'>
        <td class="text-center">NewPhotoCheckCase_en_US</td>
        <td class="text-center">2</td>
        <td class="text-center">0</td>
        <td class="text-center">2</td>
        <td class="text-center">0</td>
        <td class="text-center">0</td>
        <td class="text-center"><button type="button" class="layui-btn layui-btn-xs" onclick="showClassDetail('c8',2)">详细</button></td>
    </tr>

<tr id='ft8.1' class=''>
    <td class='failCase'><div class='testcase'>test_01_new_photo_storaged</div></td>
    <td>
    <a onfocus='this.blur();' data-toggle="collapse" href="javascript:showTestDetail('div_ft8.1')">
        失败</a>
    </td>
    <td colspan='5'>
    <div id='div_ft8.1' class="collapse in">
        <blockquote class="layui-elem-quote">
            <pre>ft8.1: Finish opening app.
Traceback (most recent call last):
  File "C:\Users\JPR68\Desktop\PythonProject\tests\new_photo_check_test.py", line 67, in test_01_new_photo_storaged
    raise AssertionError(f"failed origin amount: {origin}, current amount: {after}")
AssertionError: failed origin amount: 6, current amount: 9
</pre>
        </blockquote>
    </div>
    </td>
</tr>

<tr id='ft8.2' class=''>
    <td class='failCase'><div class='testcase'>test_02_photo_button</div></td>
    <td>
    <a onfocus='this.blur();' data-toggle="collapse" href="javascript:showTestDetail('div_ft8.2')">
        失败</a>
    </td>
    <td colspan='5'>
    <div id='div_ft8.2' class="collapse in">
        <blockquote class="layui-elem-quote">
            <pre>ft8.2: Traceback (most recent call last):
  File "C:\Users\JPR68\Desktop\PythonProject\tests\new_photo_check_test.py", line 74, in test_02_photo_button
    self.assertTrue(photo_page.is_in_dialog(), "photo button click failed, not in dialog")
    ~~~~~~~~~~~~~~~^^^^^^^^^^^^^^^^^^^^^^^^^^^^^^^^^^^^^^^^^^^^^^^^^^^^^^^^^^^^^^^^^^^^^^^
AssertionError: False is not true : photo button click failed, not in dialog
</pre>
        </blockquote>
    </div>
    </td>
</tr>

    <tr class='passClass'>
        <td class="text-center">PixseeProfileTest_en_US</td>
        <td class="text-center">12</td>
        <td class="text-center">10</td>
        <td class="text-center">0</td>
        <td class="text-center">0</td>
        <td class="text-center">2</td>
        <td class="text-center"><button type="button" class="layui-btn layui-btn-xs" onclick="showClassDetail('c9',12)">详细</button></td>
    </tr>

<tr id='pt9.1' class='hiddenRow'>
    <td class='passCase'><div class='testcase'>test_IQ_setting_with_changing</div></td>
    <td>
    <a onfocus='this.blur();' data-toggle="collapse" href="javascript:showTestDetail('div_pt9.1')">
        通过</a>
    </td>
    <td colspan='5'>
    <div id='div_pt9.1' class="collapse in">
        <blockquote class="layui-elem-quote">
            <pre>pt9.1: [WARNING] test_IQ_setting_with_changing 出現錯誤/失敗，將重啟 driver。
</pre>
        </blockquote>
    </div>
    </td>
</tr>

<tr id='pt9.2' class='hiddenRow'>
    <td class='passCase'><div class='testcase'>test_IQ_setting_with_no_changing</div></td>
    <td>
    <a onfocus='this.blur();' data-toggle="collapse" href="javascript:showTestDetail('div_pt9.2')">
        通过</a>
    </td>
    <td colspan='5'>
    <div id='div_pt9.2' class="collapse in">
        <blockquote class="layui-elem-quote">
            <pre>pt9.2: [WARNING] test_IQ_setting_with_no_changing 出現錯誤/失敗，將重啟 driver。
</pre>
        </blockquote>
    </div>
    </td>
</tr>

<tr id='pt9.3' class='hiddenRow'>
    <td class='passCase'><div class='testcase'>test_check_device_info</div></td>
    <td>
    <a onfocus='this.blur();' data-toggle="collapse" href="javascript:showTestDetail('div_pt9.3')">
        通过</a>
    </td>
    <td colspan='5'>
    <div id='div_pt9.3' class="collapse in">
        <blockquote class="layui-elem-quote">
            <pre>pt9.3: [WARNING] test_check_device_info 出現錯誤/失敗，將重啟 driver。
</pre>
        </blockquote>
    </div>
    </td>
</tr>

<tr id='pt9.4' class='hiddenRow'>
    <td class='passCase'><div class='testcase'>test_check_update</div></td>
    <td>
    <a onfocus='this.blur();' data-toggle="collapse" href="javascript:showTestDetail('div_pt9.4')">
        通过</a>
    </td>
    <td colspan='5'>
    <div id='div_pt9.4' class="collapse in">
        <blockquote class="layui-elem-quote">
            <pre>pt9.4: [WARNING] test_check_update 出現錯誤/失敗，將重啟 driver。
</pre>
        </blockquote>
    </div>
    </td>
</tr>

<tr id='pt9.5' class='hiddenRow'>
    <td class='passCase'><div class='testcase'>test_device_unbind_dialog_with_no</div></td>
    <td>
    <a onfocus='this.blur();' data-toggle="collapse" href="javascript:showTestDetail('div_pt9.5')">
        通过</a>
    </td>
    <td colspan='5'>
    <div id='div_pt9.5' class="collapse in">
        <blockquote class="layui-elem-quote">
            <pre>pt9.5: [WARNING] test_device_unbind_dialog_with_no 出現錯誤/失敗，將重啟 driver。
</pre>
        </blockquote>
    </div>
    </td>
</tr>

<tr id='pt9.6' class='hiddenRow'>
    <td class='passCase'><div class='testcase'>test_device_unbind_page_with_cancel</div></td>
    <td>
    <a onfocus='this.blur();' data-toggle="collapse" href="javascript:showTestDetail('div_pt9.6')">
        通过</a>
    </td>
    <td colspan='5'>
    <div id='div_pt9.6' class="collapse in">
        <blockquote class="layui-elem-quote">
            <pre>pt9.6: [WARNING] test_device_unbind_page_with_cancel 出現錯誤/失敗，將重啟 driver。
</pre>
        </blockquote>
    </div>
    </td>
</tr>

<tr id='pt9.7' class='hiddenRow'>
    <td class='passCase'><div class='testcase'>test_device_unbind_page_with_close</div></td>
    <td>
    <a onfocus='this.blur();' data-toggle="collapse" href="javascript:showTestDetail('div_pt9.7')">
        通过</a>
    </td>
    <td colspan='5'>
    <div id='div_pt9.7' class="collapse in">
        <blockquote class="layui-elem-quote">
            <pre>pt9.7: [WARNING] test_device_unbind_page_with_close 出現錯誤/失敗，將重啟 driver。
</pre>
        </blockquote>
    </div>
    </td>
</tr>

<tr id='ft9.8' class=''>
    <td class='skipCase'><div class='testcase'>test_device_unbind_success</div></td>
    <td>跳过</td>
    <td colspan='5' align='center' style="color:#428bca"></td>
</tr>

<tr id='ft9.9' class=''>
    <td class='skipCase'><div class='testcase'>test_reboot_device</div></td>
    <td>跳过</td>
    <td colspan='5' align='center' style="color:#428bca"></td>
</tr>

<tr id='pt9.10' class='hiddenRow'>
    <td class='passCase'><div class='testcase'>test_rotate_screen</div></td>
    <td>
    <a onfocus='this.blur();' data-toggle="collapse" href="javascript:showTestDetail('div_pt9.10')">
        通过</a>
    </td>
    <td colspan='5'>
    <div id='div_pt9.10' class="collapse in">
        <blockquote class="layui-elem-quote">
            <pre>pt9.10: [WARNING] test_rotate_screen 出現錯誤/失敗，將重啟 driver。
</pre>
        </blockquote>
    </div>
    </td>
</tr>

<tr id='pt9.11' class='hiddenRow'>
    <td class='passCase'><div class='testcase'>test_select_location</div></td>
    <td>
    <a onfocus='this.blur();' data-toggle="collapse" href="javascript:showTestDetail('div_pt9.11')">
        通过</a>
    </td>
    <td colspan='5'>
    <div id='div_pt9.11' class="collapse in">
        <blockquote class="layui-elem-quote">
            <pre>pt9.11: [WARNING] test_select_location 出現錯誤/失敗，將重啟 driver。
</pre>
        </blockquote>
    </div>
    </td>
</tr>

<tr id='pt9.12' class='hiddenRow'>
    <td class='passCase'><div class='testcase'>test_select_time_zone</div></td>
    <td>
    <a onfocus='this.blur();' data-toggle="collapse" href="javascript:showTestDetail('div_pt9.12')">
        通过</a>
    </td>
    <td colspan='5'>
    <div id='div_pt9.12' class="collapse in">
        <blockquote class="layui-elem-quote">
            <pre>pt9.12: [WARNING] test_select_time_zone 出現錯誤/失敗，將重啟 driver。
</pre>
        </blockquote>
    </div>
    </td>
</tr>

    <tr class='passClass'>
        <td class="text-center">AreaDetectionCase1_en_US</td>
        <td class="text-center">3</td>
        <td class="text-center">3</td>
        <td class="text-center">0</td>
        <td class="text-center">0</td>
        <td class="text-center">0</td>
        <td class="text-center"><button type="button" class="layui-btn layui-btn-xs" onclick="showClassDetail('c10',3)">详细</button></td>
    </tr>

<tr id='pt10.1' class='hiddenRow'>
    <td class='passCase'><div class='testcase'>test_01_area_detection_tutor_skip_1</div></td>
    <td>
    <a onfocus='this.blur();' data-toggle="collapse" href="javascript:showTestDetail('div_pt10.1')">
        通过</a>
    </td>
    <td colspan='5'>
    <div id='div_pt10.1' class="collapse in">
        <blockquote class="layui-elem-quote">
            <pre>pt10.1: first tutor  title right
first tutor indicator displayed
skip display right
skip first tutor successfully
[WARNING] test_01_area_detection_tutor_skip_1 出現錯誤/失敗，將重啟 driver。
</pre>
        </blockquote>
    </div>
    </td>
</tr>

<tr id='pt10.2' class='hiddenRow'>
    <td class='passCase'><div class='testcase'>test_02_area_detection_tutor_skip_2</div></td>
    <td>
    <a onfocus='this.blur();' data-toggle="collapse" href="javascript:showTestDetail('div_pt10.2')">
        通过</a>
    </td>
    <td colspan='5'>
    <div id='div_pt10.2' class="collapse in">
        <blockquote class="layui-elem-quote">
            <pre>pt10.2: second tutor  title right
second tutor indicator displayed
skip display right
skip second tutor successfully
[WARNING] test_02_area_detection_tutor_skip_2 出現錯誤/失敗，將重啟 driver。
</pre>
        </blockquote>
    </div>
    </td>
</tr>

<tr id='pt10.3' class='hiddenRow'>
    <td class='passCase'><div class='testcase'>test_03_area_detection_tutor_skip_121</div></td>
    <td>
    <a onfocus='this.blur();' data-toggle="collapse" href="javascript:showTestDetail('div_pt10.3')">
        通过</a>
    </td>
    <td colspan='5'>
    <div id='div_pt10.3' class="collapse in">
        <blockquote class="layui-elem-quote">
            <pre>pt10.3: first tutor displayed
second tutor indicator displayed
first tutor displayed
skip second tutor successfully
[WARNING] test_03_area_detection_tutor_skip_121 出現錯誤/失敗，將重啟 driver。
</pre>
        </blockquote>
    </div>
    </td>
</tr>

    <tr class='passClass'>
        <td class="text-center">AreaDetectionCase2_en_US</td>
        <td class="text-center">5</td>
        <td class="text-center">5</td>
        <td class="text-center">0</td>
        <td class="text-center">0</td>
        <td class="text-center">0</td>
        <td class="text-center"><button type="button" class="layui-btn layui-btn-xs" onclick="showClassDetail('c11',5)">详细</button></td>
    </tr>

<tr id='pt11.1' class='hiddenRow'>
    <td class='passCase'><div class='testcase'>test_01_area_detection_back</div></td>
    <td>
    <a onfocus='this.blur();' data-toggle="collapse" href="javascript:showTestDetail('div_pt11.1')">
        通过</a>
    </td>
    <td colspan='5'>
    <div id='div_pt11.1' class="collapse in">
        <blockquote class="layui-elem-quote">
            <pre>pt11.1: Finish opening app.
Save diable test pass
Back to Pixsee Settings page
[WARNING] test_01_area_detection_back 出現錯誤/失敗，將重啟 driver。
</pre>
        </blockquote>
    </div>
    </td>
</tr>

<tr id='pt11.2' class='hiddenRow'>
    <td class='passCase'><div class='testcase'>test_02_area_detection_save</div></td>
    <td>
    <a onfocus='this.blur();' data-toggle="collapse" href="javascript:showTestDetail('div_pt11.2')">
        通过</a>
    </td>
    <td colspan='5'>
    <div id='div_pt11.2' class="collapse in">
        <blockquote class="layui-elem-quote">
            <pre>pt11.2: save function success
[WARNING] test_02_area_detection_save 出現錯誤/失敗，將重啟 driver。
</pre>
        </blockquote>
    </div>
    </td>
</tr>

<tr id='pt11.3' class='hiddenRow'>
    <td class='passCase'><div class='testcase'>test_03_area_detection_back_discard</div></td>
    <td>
    <a onfocus='this.blur();' data-toggle="collapse" href="javascript:showTestDetail('div_pt11.3')">
        通过</a>
    </td>
    <td colspan='5'>
    <div id='div_pt11.3' class="collapse in">
        <blockquote class="layui-elem-quote">
            <pre>pt11.3: In discard dialog
Discard dialog title right
Discard dialog yes text right
Discard dialog no text right
back button worked
[WARNING] test_03_area_detection_back_discard 出現錯誤/失敗，將重啟 driver。
</pre>
        </blockquote>
    </div>
    </td>
</tr>

<tr id='pt11.4' class='hiddenRow'>
    <td class='passCase'><div class='testcase'>test_04_area_detection_information</div></td>
    <td>
    <a onfocus='this.blur();' data-toggle="collapse" href="javascript:showTestDetail('div_pt11.4')">
        通过</a>
    </td>
    <td colspan='5'>
    <div id='div_pt11.4' class="collapse in">
        <blockquote class="layui-elem-quote">
            <pre>pt11.4: information button worked
[WARNING] test_04_area_detection_information 出現錯誤/失敗，將重啟 driver。
</pre>
        </blockquote>
    </div>
    </td>
</tr>

<tr id='pt11.5' class='hiddenRow'>
    <td class='passCase'><div class='testcase'>test_05_area_detection_switch</div></td>
    <td>
    <a onfocus='this.blur();' data-toggle="collapse" href="javascript:showTestDetail('div_pt11.5')">
        通过</a>
    </td>
    <td colspan='5'>
    <div id='div_pt11.5' class="collapse in">
        <blockquote class="layui-elem-quote">
            <pre>pt11.5: Area detection header right
Area detection title right
Area detection subtitle right
switch off success
switch on success
[WARNING] test_05_area_detection_switch 出現錯誤/失敗，將重啟 driver。
</pre>
        </blockquote>
    </div>
    </td>
</tr>

    <tr class='passClass'>
        <td class="text-center">AreaDetectionCase3_en_US</td>
        <td class="text-center">3</td>
        <td class="text-center">3</td>
        <td class="text-center">0</td>
        <td class="text-center">0</td>
        <td class="text-center">0</td>
        <td class="text-center"><button type="button" class="layui-btn layui-btn-xs" onclick="showClassDetail('c12',3)">详细</button></td>
    </tr>

<tr id='pt12.1' class='hiddenRow'>
    <td class='passCase'><div class='testcase'>test_01_area_detection_tap_checkbox_sensitivity</div></td>
    <td>
    <a onfocus='this.blur();' data-toggle="collapse" href="javascript:showTestDetail('div_pt12.1')">
        通过</a>
    </td>
    <td colspan='5'>
    <div id='div_pt12.1' class="collapse in">
        <blockquote class="layui-elem-quote">
            <pre>pt12.1: Sensitivity title is correct
detection type is correct
Low checkbox text is correct
Medium checkbox text is correct
High checkbox text is correct
Low checkbox is clickable
Medium checkbox is clickable
High checkbox is clickable
[WARNING] test_01_area_detection_tap_checkbox_sensitivity 出現錯誤/失敗，將重啟 driver。
</pre>
        </blockquote>
    </div>
    </td>
</tr>

<tr id='pt12.2' class='hiddenRow'>
    <td class='passCase'><div class='testcase'>test_02_area_detection_tap_checkbox_detection_type</div></td>
    <td>
    <a onfocus='this.blur();' data-toggle="collapse" href="javascript:showTestDetail('div_pt12.2')">
        通过</a>
    </td>
    <td colspan='5'>
    <div id='div_pt12.2' class="collapse in">
        <blockquote class="layui-elem-quote">
            <pre>pt12.2: baby in text is correct
baby out text is correct
baby in clickable
baby out clickable
Pixel at (34,1156) = (9, 244, 220, 255), in range: True
baby in color is correct
Pixel at (34,1156) = (252, 138, 6, 255), in range: True
baby out color is correct
[WARNING] test_02_area_detection_tap_checkbox_detection_type 出現錯誤/失敗，將重啟 driver。
</pre>
        </blockquote>
    </div>
    </td>
</tr>

<tr id='pt12.3' class='hiddenRow'>
    <td class='passCase'><div class='testcase'>test_03_area_detection_turn_off_page</div></td>
    <td>
    <a onfocus='this.blur();' data-toggle="collapse" href="javascript:showTestDetail('div_pt12.3')">
        通过</a>
    </td>
    <td colspan='5'>
    <div id='div_pt12.3' class="collapse in">
        <blockquote class="layui-elem-quote">
            <pre>pt12.3: turn off dialog title is correct
turn off 15 is correct
turn off 30 is correct
turn off text is correct
turn off cancel text is correct
15 min button worked
turn off cancel worked
30 min button worked
turn off detection worked
[WARNING] test_03_area_detection_turn_off_page 出現錯誤/失敗，將重啟 driver。
</pre>
        </blockquote>
    </div>
    </td>
</tr>

    <tr class='passClass'>
        <td class="text-center">WifiSettingsCase1_en_US</td>
        <td class="text-center">2</td>
        <td class="text-center">2</td>
        <td class="text-center">0</td>
        <td class="text-center">0</td>
        <td class="text-center">0</td>
        <td class="text-center"><button type="button" class="layui-btn layui-btn-xs" onclick="showClassDetail('c13',2)">详细</button></td>
    </tr>

<tr id='pt13.1' class='hiddenRow'>
    <td class='passCase'><div class='testcase'>test_01_wifi_reset_cancel</div></td>
    <td>
    <a onfocus='this.blur();' data-toggle="collapse" href="javascript:showTestDetail('div_pt13.1')">
        通过</a>
    </td>
    <td colspan='5'>
    <div id='div_pt13.1' class="collapse in">
        <blockquote class="layui-elem-quote">
            <pre>pt13.1: popup title correct
ok button correct
cancel button correct
back to settings page
[WARNING] test_01_wifi_reset_cancel 出現錯誤/失敗，將重啟 driver。
</pre>
        </blockquote>
    </div>
    </td>
</tr>

<tr id='pt13.2' class='hiddenRow'>
    <td class='passCase'><div class='testcase'>test_02_wifi_reset_ok</div></td>
    <td>
    <a onfocus='this.blur();' data-toggle="collapse" href="javascript:showTestDetail('div_pt13.2')">
        通过</a>
    </td>
    <td colspan='5'>
    <div id='div_pt13.2' class="collapse in">
        <blockquote class="layui-elem-quote">
            <pre>pt13.2: ok function success
[WARNING] test_02_wifi_reset_ok 出現錯誤/失敗，將重啟 driver。
</pre>
        </blockquote>
    </div>
    </td>
</tr>

    <tr class='passClass'>
        <td class="text-center">WifiSettingsCase2_en_US</td>
        <td class="text-center">2</td>
        <td class="text-center">2</td>
        <td class="text-center">0</td>
        <td class="text-center">0</td>
        <td class="text-center">0</td>
        <td class="text-center"><button type="button" class="layui-btn layui-btn-xs" onclick="showClassDetail('c14',2)">详细</button></td>
    </tr>

<tr id='pt14.1' class='hiddenRow'>
    <td class='passCase'><div class='testcase'>test_01_wifi_settings_next_empty_password</div></td>
    <td>
    <a onfocus='this.blur();' data-toggle="collapse" href="javascript:showTestDetail('div_pt14.1')">
        通过</a>
    </td>
    <td colspan='5'>
    <div id='div_pt14.1' class="collapse in">
        <blockquote class="layui-elem-quote">
            <pre>pt14.1: empty password  alert success
password empty dialog text correct
password empty dialog ok text correct
empty password dialog yes function success
[WARNING] test_01_wifi_settings_next_empty_password 出現錯誤/失敗，將重啟 driver。
</pre>
        </blockquote>
    </div>
    </td>
</tr>

<tr id='pt14.2' class='hiddenRow'>
    <td class='passCase'><div class='testcase'>test_02_wifi_settings_x</div></td>
    <td>
    <a onfocus='this.blur();' data-toggle="collapse" href="javascript:showTestDetail('div_pt14.2')">
        通过</a>
    </td>
    <td colspan='5'>
    <div id='div_pt14.2' class="collapse in">
        <blockquote class="layui-elem-quote">
            <pre>pt14.2: header text correct
description text correct
x function success
quit dialog text correct
quit dialog yes text correct
quit dialog no text correct
quit dialog no function success
quit dialog yes function success
[WARNING] test_02_wifi_settings_x 出現錯誤/失敗，將重啟 driver。
</pre>
        </blockquote>
    </div>
    </td>
</tr>

    <tr class='passClass'>
        <td class="text-center">WifiSettingsCase3_en_US</td>
        <td class="text-center">1</td>
        <td class="text-center">1</td>
        <td class="text-center">0</td>
        <td class="text-center">0</td>
        <td class="text-center">0</td>
        <td class="text-center"><button type="button" class="layui-btn layui-btn-xs" onclick="showClassDetail('c15',1)">详细</button></td>
    </tr>

<tr id='pt15.1' class='hiddenRow'>
    <td class='passCase'><div class='testcase'>test_03_wifi_settings_next</div></td>
    <td>
    <a onfocus='this.blur();' data-toggle="collapse" href="javascript:showTestDetail('div_pt15.1')">
        通过</a>
    </td>
    <td colspan='5'>
    <div id='div_pt15.1' class="collapse in">
        <blockquote class="layui-elem-quote">
            <pre>pt15.1: next function success
wifi settings function success
no found title text correct
no found description text correct
[WARNING] test_03_wifi_settings_next 出現錯誤/失敗，將重啟 driver。
</pre>
        </blockquote>
    </div>
    </td>
</tr>

    <tr class='passClass'>
        <td class="text-center">PixseeFriendsDetectionCase1_en_US</td>
        <td class="text-center">4</td>
        <td class="text-center">4</td>
        <td class="text-center">0</td>
        <td class="text-center">0</td>
        <td class="text-center">0</td>
        <td class="text-center"><button type="button" class="layui-btn layui-btn-xs" onclick="showClassDetail('c16',4)">详细</button></td>
    </tr>

<tr id='pt16.1' class='hiddenRow'>
    <td class='passCase'><div class='testcase'>test_01_friends_detection_back</div></td>
    <td>
    <a onfocus='this.blur();' data-toggle="collapse" href="javascript:showTestDetail('div_pt16.1')">
        通过</a>
    </td>
    <td colspan='5'>
    <div id='div_pt16.1' class="collapse in">
        <blockquote class="layui-elem-quote">
            <pre>pt16.1: Back to Pixsee Settings page
[WARNING] test_01_friends_detection_back 出現錯誤/失敗，將重啟 driver。
</pre>
        </blockquote>
    </div>
    </td>
</tr>

<tr id='pt16.2' class='hiddenRow'>
    <td class='passCase'><div class='testcase'>test_02_friends_detection_save</div></td>
    <td>
    <a onfocus='this.blur();' data-toggle="collapse" href="javascript:showTestDetail('div_pt16.2')">
        通过</a>
    </td>
    <td colspan='5'>
    <div id='div_pt16.2' class="collapse in">
        <blockquote class="layui-elem-quote">
            <pre>pt16.2: Save diable test pass
save function success
[WARNING] test_02_friends_detection_save 出現錯誤/失敗，將重啟 driver。
</pre>
        </blockquote>
    </div>
    </td>
</tr>

<tr id='pt16.3' class='hiddenRow'>
    <td class='passCase'><div class='testcase'>test_03_friends_detection_back_discard</div></td>
    <td>
    <a onfocus='this.blur();' data-toggle="collapse" href="javascript:showTestDetail('div_pt16.3')">
        通过</a>
    </td>
    <td colspan='5'>
    <div id='div_pt16.3' class="collapse in">
        <blockquote class="layui-elem-quote">
            <pre>pt16.3: In discard dialog
Discard dialog title right
Discard dialog yes text right
Discard dialog no text right
Discard function success
[WARNING] test_03_friends_detection_back_discard 出現錯誤/失敗，將重啟 driver。
</pre>
        </blockquote>
    </div>
    </td>
</tr>

<tr id='pt16.4' class='hiddenRow'>
    <td class='passCase'><div class='testcase'>test_04_friends_detection_switch</div></td>
    <td>
    <a onfocus='this.blur();' data-toggle="collapse" href="javascript:showTestDetail('div_pt16.4')">
        通过</a>
    </td>
    <td colspan='5'>
    <div id='div_pt16.4' class="collapse in">
        <blockquote class="layui-elem-quote">
            <pre>pt16.4: Friends detection title right
Content plays automatically upon detecting Pixsee Friends.
Friends detection subtitle right
switch on success
switch off success
[WARNING] test_04_friends_detection_switch 出現錯誤/失敗，將重啟 driver。
</pre>
        </blockquote>
    </div>
    </td>
</tr>

    <tr class='passClass'>
        <td class="text-center">PixseeFriendsDetectionCase2_en_US</td>
        <td class="text-center">2</td>
        <td class="text-center">2</td>
        <td class="text-center">0</td>
        <td class="text-center">0</td>
        <td class="text-center">0</td>
        <td class="text-center"><button type="button" class="layui-btn layui-btn-xs" onclick="showClassDetail('c17',2)">详细</button></td>
    </tr>

<tr id='pt17.1' class='hiddenRow'>
    <td class='passCase'><div class='testcase'>test_05_friends_detection_tap_checkbox</div></td>
    <td>
    <a onfocus='this.blur();' data-toggle="collapse" href="javascript:showTestDetail('div_pt17.1')">
        通过</a>
    </td>
    <td colspan='5'>
    <div id='div_pt17.1' class="collapse in">
        <blockquote class="layui-elem-quote">
            <pre>pt17.1: Friends detection type is correct
Friends detection all day text right
Friends detection set time text right
tap on Set Time success
tap on All Day success
[WARNING] test_05_friends_detection_tap_checkbox 出現錯誤/失敗，將重啟 driver。
</pre>
        </blockquote>
    </div>
    </td>
</tr>

<tr id='pt17.2' class='hiddenRow'>
    <td class='passCase'><div class='testcase'>test_06_friends_detection_time_span</div></td>
    <td>
    <a onfocus='this.blur();' data-toggle="collapse" href="javascript:showTestDetail('div_pt17.2')">
        通过</a>
    </td>
    <td colspan='5'>
    <div id='div_pt17.2' class="collapse in">
        <blockquote class="layui-elem-quote">
            <pre>pt17.2: Friends detection time span title right
Friends detection start time text right
Friends detection end time text right
In start time block
Start time block cancel text right
Start time block confirm text right
timer confirm function success
In end time block
timer cancel function success
[WARNING] test_06_friends_detection_time_span 出現錯誤/失敗，將重啟 driver。
</pre>
        </blockquote>
    </div>
    </td>
</tr>

    <tr class='passClass'>
        <td class="text-center">CoveredFaceDetectionCase1_en_US</td>
        <td class="text-center">1</td>
        <td class="text-center">1</td>
        <td class="text-center">0</td>
        <td class="text-center">0</td>
        <td class="text-center">0</td>
        <td class="text-center"><button type="button" class="layui-btn layui-btn-xs" onclick="showClassDetail('c18',1)">详细</button></td>
    </tr>

<tr id='pt18.1' class='hiddenRow'>
    <td class='passCase'><div class='testcase'>test_01_covered_face_detection_tutor_skip</div></td>
    <td>
    <a onfocus='this.blur();' data-toggle="collapse" href="javascript:showTestDetail('div_pt18.1')">
        通过</a>
    </td>
    <td colspan='5'>
    <div id='div_pt18.1' class="collapse in">
        <blockquote class="layui-elem-quote">
            <pre>pt18.1: tutor title right
skip display right
skip tutor successfully
[WARNING] test_01_covered_face_detection_tutor_skip 出現錯誤/失敗，將重啟 driver。
</pre>
        </blockquote>
    </div>
    </td>
</tr>

    <tr class='errorClass'>
        <td class="text-center">CoveredFaceDetectionCase2_en_US</td>
        <td class="text-center">5</td>
        <td class="text-center">3</td>
        <td class="text-center">1</td>
        <td class="text-center">1</td>
        <td class="text-center">0</td>
        <td class="text-center"><button type="button" class="layui-btn layui-btn-xs" onclick="showClassDetail('c19',5)">详细</button></td>
    </tr>

<tr id='pt19.1' class='hiddenRow'>
    <td class='passCase'><div class='testcase'>test_02_covered_face_detection_back</div></td>
    <td>
    <a onfocus='this.blur();' data-toggle="collapse" href="javascript:showTestDetail('div_pt19.1')">
        通过</a>
    </td>
    <td colspan='5'>
    <div id='div_pt19.1' class="collapse in">
        <blockquote class="layui-elem-quote">
            <pre>pt19.1: Finish opening app.
Back to Pixsee Settings page
[WARNING] test_02_covered_face_detection_back 出現錯誤/失敗，將重啟 driver。
</pre>
        </blockquote>
    </div>
    </td>
</tr>

<tr id='pt19.2' class='hiddenRow'>
    <td class='passCase'><div class='testcase'>test_03_covered_face_detection_save</div></td>
    <td>
    <a onfocus='this.blur();' data-toggle="collapse" href="javascript:showTestDetail('div_pt19.2')">
        通过</a>
    </td>
    <td colspan='5'>
    <div id='div_pt19.2' class="collapse in">
        <blockquote class="layui-elem-quote">
            <pre>pt19.2: Save diable test pass
save function success
[WARNING] test_03_covered_face_detection_save 出現錯誤/失敗，將重啟 driver。
</pre>
        </blockquote>
    </div>
    </td>
</tr>

<tr id='pt19.3' class='hiddenRow'>
    <td class='passCase'><div class='testcase'>test_04_covered_face_detection_back_discard</div></td>
    <td>
    <a onfocus='this.blur();' data-toggle="collapse" href="javascript:showTestDetail('div_pt19.3')">
        通过</a>
    </td>
    <td colspan='5'>
    <div id='div_pt19.3' class="collapse in">
        <blockquote class="layui-elem-quote">
            <pre>pt19.3: In discard dialog
Discard dialog title right
Discard dialog yes text right
Discard dialog no text right
back button worked
[WARNING] test_04_covered_face_detection_back_discard 出現錯誤/失敗，將重啟 driver。
</pre>
        </blockquote>
    </div>
    </td>
</tr>

<tr id='ft19.4' class=''>
    <td class='errorCase'><div class='testcase'>test_05_covered_face_detection_information</div></td>
    <td>
    <a onfocus='this.blur();' data-toggle="collapse" href="javascript:showTestDetail('div_ft19.4')">
        错误</a>
    </td>
    <td colspan='5'>
    <div id='div_ft19.4' class="collapse in">
        <blockquote class="layui-elem-quote">
            <pre>ft19.4: Traceback (most recent call last):
  File "C:\Users\JPR68\Desktop\PythonProject\tests\pixsee_settings_tests\covered_face_detection_tests\covered_face_detection_no_reset_test.py", line 143, in test_05_covered_face_detection_information
    covered_face_detection_page.click_information()
    ~~~~~~~~~~~~~~~~~~~~~~~~~~~~~~~~~~~~~~~~~~~~~^^
  File "C:\Users\JPR68\Desktop\PythonProject\pages\menu_pages\pixsee_settings_pages\covered_face_detection_page.py", line 254, in click_information
    WebDriverWait(self.driver, base.wait_time).until(
    ~~~~~~~~~~~~~~~~~~~~~~~~~~~~~~~~~~~~~~~~~~~~~~~~^
    	EC.presence_of_element_located(("id", self.information))
     ^^^^^^^^^^^^^^^^^^^^^^^^^^^^^^^^^^^^^^^^^^^^^^^^^^^^^^^^
    )
    ^
  File "C:\Users\JPR68\scoop\apps\python\current\Lib\site-packages\selenium\webdriver\support\wait.py", line 138, in until
    raise TimeoutException(message, screen, stacktrace)
selenium.common.exceptions.TimeoutException: Message: 
Stacktrace:
NoSuchElementError: An element could not be located on the page using the given search parameters.
    at AndroidUiautomator2Driver.findElOrEls (C:\Users\JPR68\.appium\node_modules\appium-uiautomator2-driver\node_modules\appium-android-driver\lib\commands\find.ts:86:11)
    at processTicksAndRejections (node:internal/process/task_queues:105:5)
    at AndroidUiautomator2Driver.findElOrElsWithProcessing (C:\Users\JPR68\scoop\persist\nodejs\bin\node_modules\appium\node_modules\@appium\base-driver\lib\basedriver\commands\find.ts:60:12)
    at AndroidUiautomator2Driver.findElement (C:\Users\JPR68\scoop\persist\nodejs\bin\node_modules\appium\node_modules\@appium\base-driver\lib\basedriver\commands\find.ts:75:12)
</pre>
        </blockquote>
    </div>
    </td>
</tr>

<tr id='ft19.5' class=''>
    <td class='failCase'><div class='testcase'>test_06_covered_face_detection_switch</div></td>
    <td>
    <a onfocus='this.blur();' data-toggle="collapse" href="javascript:showTestDetail('div_ft19.5')">
        失败</a>
    </td>
    <td colspan='5'>
    <div id='div_ft19.5' class="collapse in">
        <blockquote class="layui-elem-quote">
            <pre>ft19.5: Traceback (most recent call last):
  File "C:\Users\JPR68\Desktop\PythonProject\tests\pixsee_settings_tests\covered_face_detection_tests\covered_face_detection_no_reset_test.py", line 166, in test_06_covered_face_detection_switch
    self.assertEqual(header, hint)
    ~~~~~~~~~~~~~~~~^^^^^^^^^^^^^^
AssertionError: 'Pixsee settings' != 'Covered Face Detection'
- Pixsee settings
+ Covered Face Detection


During handling of the above exception, another exception occurred:

Traceback (most recent call last):
  File "C:\Users\JPR68\Desktop\PythonProject\tests\pixsee_settings_tests\covered_face_detection_tests\covered_face_detection_no_reset_test.py", line 169, in test_06_covered_face_detection_switch
    raise AssertionError("Covered Face Detection header wrong")
AssertionError: Covered Face Detection header wrong
</pre>
        </blockquote>
    </div>
    </td>
</tr>

    <tr class='errorClass'>
        <td class="text-center">CoveredFaceDetectionCase3_en_US</td>
        <td class="text-center">2</td>
        <td class="text-center">0</td>
        <td class="text-center">0</td>
        <td class="text-center">2</td>
        <td class="text-center">0</td>
        <td class="text-center"><button type="button" class="layui-btn layui-btn-xs" onclick="showClassDetail('c20',2)">详细</button></td>
    </tr>

<tr id='ft20.1' class=''>
    <td class='errorCase'><div class='testcase'>test_01_covered_face_detection_tap_checkbox_sensitivity</div></td>
    <td>
    <a onfocus='this.blur();' data-toggle="collapse" href="javascript:showTestDetail('div_ft20.1')">
        错误</a>
    </td>
    <td colspan='5'>
    <div id='div_ft20.1' class="collapse in">
        <blockquote class="layui-elem-quote">
            <pre>ft20.1: Traceback (most recent call last):
  File "C:\Users\JPR68\Desktop\PythonProject\tests\pixsee_settings_tests\covered_face_detection_tests\covered_face_detection_no_reset_test.py", line 247, in test_01_covered_face_detection_tap_checkbox_sensitivity
    if covered_face_detection_page.is_switch_on() :
       ~~~~~~~~~~~~~~~~~~~~~~~~~~~~~~~~~~~~~~~~^^
  File "C:\Users\JPR68\Desktop\PythonProject\pages\menu_pages\pixsee_settings_pages\covered_face_detection_page.py", line 294, in is_switch_on
    WebDriverWait(self.driver, base.wait_time).until(
    ~~~~~~~~~~~~~~~~~~~~~~~~~~~~~~~~~~~~~~~~~~~~~~~~^
    	EC.presence_of_element_located((AppiumBy.ID, self.Switch))
     ^^^^^^^^^^^^^^^^^^^^^^^^^^^^^^^^^^^^^^^^^^^^^^^^^^^^^^^^^^
    )
    ^
  File "C:\Users\JPR68\scoop\apps\python\current\Lib\site-packages\selenium\webdriver\support\wait.py", line 138, in until
    raise TimeoutException(message, screen, stacktrace)
selenium.common.exceptions.TimeoutException: Message: 
Stacktrace:
NoSuchElementError: An element could not be located on the page using the given search parameters.
    at AndroidUiautomator2Driver.findElOrEls (C:\Users\JPR68\.appium\node_modules\appium-uiautomator2-driver\node_modules\appium-android-driver\lib\commands\find.ts:86:11)
    at processTicksAndRejections (node:internal/process/task_queues:105:5)
    at AndroidUiautomator2Driver.findElOrElsWithProcessing (C:\Users\JPR68\scoop\persist\nodejs\bin\node_modules\appium\node_modules\@appium\base-driver\lib\basedriver\commands\find.ts:60:12)
    at AndroidUiautomator2Driver.findElement (C:\Users\JPR68\scoop\persist\nodejs\bin\node_modules\appium\node_modules\@appium\base-driver\lib\basedriver\commands\find.ts:75:12)
</pre>
        </blockquote>
    </div>
    </td>
</tr>

<tr id='ft20.2' class=''>
    <td class='errorCase'><div class='testcase'>test_02_covered_face_detection_turn_off_page</div></td>
    <td>
    <a onfocus='this.blur();' data-toggle="collapse" href="javascript:showTestDetail('div_ft20.2')">
        错误</a>
    </td>
    <td colspan='5'>
    <div id='div_ft20.2' class="collapse in">
        <blockquote class="layui-elem-quote">
            <pre>ft20.2: Traceback (most recent call last):
  File "C:\Users\JPR68\Desktop\PythonProject\tests\pixsee_settings_tests\covered_face_detection_tests\covered_face_detection_no_reset_test.py", line 311, in test_02_covered_face_detection_turn_off_page
    if covered_face_detection_page.is_switch_on() :
       ~~~~~~~~~~~~~~~~~~~~~~~~~~~~~~~~~~~~~~~~^^
  File "C:\Users\JPR68\Desktop\PythonProject\pages\menu_pages\pixsee_settings_pages\covered_face_detection_page.py", line 294, in is_switch_on
    WebDriverWait(self.driver, base.wait_time).until(
    ~~~~~~~~~~~~~~~~~~~~~~~~~~~~~~~~~~~~~~~~~~~~~~~~^
    	EC.presence_of_element_located((AppiumBy.ID, self.Switch))
     ^^^^^^^^^^^^^^^^^^^^^^^^^^^^^^^^^^^^^^^^^^^^^^^^^^^^^^^^^^
    )
    ^
  File "C:\Users\JPR68\scoop\apps\python\current\Lib\site-packages\selenium\webdriver\support\wait.py", line 138, in until
    raise TimeoutException(message, screen, stacktrace)
selenium.common.exceptions.TimeoutException: Message: 
Stacktrace:
NoSuchElementError: An element could not be located on the page using the given search parameters.
    at AndroidUiautomator2Driver.findElOrEls (C:\Users\JPR68\.appium\node_modules\appium-uiautomator2-driver\node_modules\appium-android-driver\lib\commands\find.ts:86:11)
    at processTicksAndRejections (node:internal/process/task_queues:105:5)
    at AndroidUiautomator2Driver.findElOrElsWithProcessing (C:\Users\JPR68\scoop\persist\nodejs\bin\node_modules\appium\node_modules\@appium\base-driver\lib\basedriver\commands\find.ts:60:12)
    at AndroidUiautomator2Driver.findElement (C:\Users\JPR68\scoop\persist\nodejs\bin\node_modules\appium\node_modules\@appium\base-driver\lib\basedriver\commands\find.ts:75:12)
</pre>
        </blockquote>
    </div>
    </td>
</tr>

    <tr class='passClass'>
        <td class="text-center">EnvironmentSettingsCase1_en_US</td>
        <td class="text-center">4</td>
        <td class="text-center">4</td>
        <td class="text-center">0</td>
        <td class="text-center">0</td>
        <td class="text-center">0</td>
        <td class="text-center"><button type="button" class="layui-btn layui-btn-xs" onclick="showClassDetail('c21',4)">详细</button></td>
    </tr>

<tr id='pt21.1' class='hiddenRow'>
    <td class='passCase'><div class='testcase'>test_01_environment_set_back</div></td>
    <td>
    <a onfocus='this.blur();' data-toggle="collapse" href="javascript:showTestDetail('div_pt21.1')">
        通过</a>
    </td>
    <td colspan='5'>
    <div id='div_pt21.1' class="collapse in">
        <blockquote class="layui-elem-quote">
            <pre>pt21.1: Back to Pixsee Settings page
[WARNING] test_01_environment_set_back 出現錯誤/失敗，將重啟 driver。
</pre>
        </blockquote>
    </div>
    </td>
</tr>

<tr id='pt21.2' class='hiddenRow'>
    <td class='passCase'><div class='testcase'>test_02_environment_set_save</div></td>
    <td>
    <a onfocus='this.blur();' data-toggle="collapse" href="javascript:showTestDetail('div_pt21.2')">
        通过</a>
    </td>
    <td colspan='5'>
    <div id='div_pt21.2' class="collapse in">
        <blockquote class="layui-elem-quote">
            <pre>pt21.2: Save diable test pass
save function success
[WARNING] test_02_environment_set_save 出現錯誤/失敗，將重啟 driver。
</pre>
        </blockquote>
    </div>
    </td>
</tr>

<tr id='pt21.3' class='hiddenRow'>
    <td class='passCase'><div class='testcase'>test_03_environment_set_back_discard</div></td>
    <td>
    <a onfocus='this.blur();' data-toggle="collapse" href="javascript:showTestDetail('div_pt21.3')">
        通过</a>
    </td>
    <td colspan='5'>
    <div id='div_pt21.3' class="collapse in">
        <blockquote class="layui-elem-quote">
            <pre>pt21.3: In discard dialog
[WARNING] test_03_environment_set_back_discard 出現錯誤/失敗，將重啟 driver。
</pre>
        </blockquote>
    </div>
    </td>
</tr>

<tr id='pt21.4' class='hiddenRow'>
    <td class='passCase'><div class='testcase'>test_04_environment_set_switch</div></td>
    <td>
    <a onfocus='this.blur();' data-toggle="collapse" href="javascript:showTestDetail('div_pt21.4')">
        通过</a>
    </td>
    <td colspan='5'>
    <div id='div_pt21.4' class="collapse in">
        <blockquote class="layui-elem-quote">
            <pre>pt21.4: Environment detection header text right
Friends detection title right
switch off success
switch on success
[WARNING] test_04_environment_set_switch 出現錯誤/失敗，將重啟 driver。
</pre>
        </blockquote>
    </div>
    </td>
</tr>

    <tr class='passClass'>
        <td class="text-center">EnvironmentSettingsCase2_en_US</td>
        <td class="text-center">4</td>
        <td class="text-center">4</td>
        <td class="text-center">0</td>
        <td class="text-center">0</td>
        <td class="text-center">0</td>
        <td class="text-center"><button type="button" class="layui-btn layui-btn-xs" onclick="showClassDetail('c22',4)">详细</button></td>
    </tr>

<tr id='pt22.1' class='hiddenRow'>
    <td class='passCase'><div class='testcase'>test_05_environment_set_tap_checkbox</div></td>
    <td>
    <a onfocus='this.blur();' data-toggle="collapse" href="javascript:showTestDetail('div_pt22.1')">
        通过</a>
    </td>
    <td colspan='5'>
    <div id='div_pt22.1' class="collapse in">
        <blockquote class="layui-elem-quote">
            <pre>pt22.1: Sensitivity title is correct
Temperature title is correct
Temperature unit title is correct
Humidity title is correct
Low checkbox text is correct
Medium checkbox text is correct
High checkbox text is correct
Low checkbox is clickable
Medium checkbox is clickable
High checkbox is clickable
[WARNING] test_05_environment_set_tap_checkbox 出現錯誤/失敗，將重啟 driver。
</pre>
        </blockquote>
    </div>
    </td>
</tr>

<tr id='pt22.2' class='hiddenRow'>
    <td class='passCase'><div class='testcase'>test_06_environment_celsius_fahrenheit</div></td>
    <td>
    <a onfocus='this.blur();' data-toggle="collapse" href="javascript:showTestDetail('div_pt22.2')">
        通过</a>
    </td>
    <td colspan='5'>
    <div id='div_pt22.2' class="collapse in">
        <blockquote class="layui-elem-quote">
            <pre>pt22.2: Celsius text right
Celsius is clickable
Fahrenheit is clickable
[WARNING] test_06_environment_celsius_fahrenheit 出現錯誤/失敗，將重啟 driver。
</pre>
        </blockquote>
    </div>
    </td>
</tr>

<tr id='pt22.3' class='hiddenRow'>
    <td class='passCase'><div class='testcase'>test_07_environment_set_temperature_scrolling_bar</div></td>
    <td>
    <a onfocus='this.blur();' data-toggle="collapse" href="javascript:showTestDetail('div_pt22.3')">
        通过</a>
    </td>
    <td colspan='5'>
    <div id='div_pt22.3' class="collapse in">
        <blockquote class="layui-elem-quote">
            <pre>pt22.3: [WARNING] test_07_environment_set_temperature_scrolling_bar 出現錯誤/失敗，將重啟 driver。
</pre>
        </blockquote>
    </div>
    </td>
</tr>

<tr id='pt22.4' class='hiddenRow'>
    <td class='passCase'><div class='testcase'>test_08_environment_set_humidity_scrolling_bar</div></td>
    <td>
    <a onfocus='this.blur();' data-toggle="collapse" href="javascript:showTestDetail('div_pt22.4')">
        通过</a>
    </td>
    <td colspan='5'>
    <div id='div_pt22.4' class="collapse in">
        <blockquote class="layui-elem-quote">
            <pre>pt22.4: 93 1472
{'height': 128, 'width': 822}
Scrolling bar works
[WARNING] test_08_environment_set_humidity_scrolling_bar 出現錯誤/失敗，將重啟 driver。
</pre>
        </blockquote>
    </div>
    </td>
</tr>

    <tr class='passClass'>
        <td class="text-center">CryDetectionCase1_en_US</td>
        <td class="text-center">4</td>
        <td class="text-center">4</td>
        <td class="text-center">0</td>
        <td class="text-center">0</td>
        <td class="text-center">0</td>
        <td class="text-center"><button type="button" class="layui-btn layui-btn-xs" onclick="showClassDetail('c23',4)">详细</button></td>
    </tr>

<tr id='pt23.1' class='hiddenRow'>
    <td class='passCase'><div class='testcase'>test_01_cry_detection_back</div></td>
    <td>
    <a onfocus='this.blur();' data-toggle="collapse" href="javascript:showTestDetail('div_pt23.1')">
        通过</a>
    </td>
    <td colspan='5'>
    <div id='div_pt23.1' class="collapse in">
        <blockquote class="layui-elem-quote">
            <pre>pt23.1: Back to Pixsee Settings page
[WARNING] test_01_cry_detection_back 出現錯誤/失敗，將重啟 driver。
</pre>
        </blockquote>
    </div>
    </td>
</tr>

<tr id='pt23.2' class='hiddenRow'>
    <td class='passCase'><div class='testcase'>test_02_cry_detection_save</div></td>
    <td>
    <a onfocus='this.blur();' data-toggle="collapse" href="javascript:showTestDetail('div_pt23.2')">
        通过</a>
    </td>
    <td colspan='5'>
    <div id='div_pt23.2' class="collapse in">
        <blockquote class="layui-elem-quote">
            <pre>pt23.2: Save diable test pass
save function success
[WARNING] test_02_cry_detection_save 出現錯誤/失敗，將重啟 driver。
</pre>
        </blockquote>
    </div>
    </td>
</tr>

<tr id='pt23.3' class='hiddenRow'>
    <td class='passCase'><div class='testcase'>test_03_cry_detection_back_discard</div></td>
    <td>
    <a onfocus='this.blur();' data-toggle="collapse" href="javascript:showTestDetail('div_pt23.3')">
        通过</a>
    </td>
    <td colspan='5'>
    <div id='div_pt23.3' class="collapse in">
        <blockquote class="layui-elem-quote">
            <pre>pt23.3: In discard dialog
Discard dialog title right
Discard dialog yes text right
Discard dialog no text right
Discard function success
[WARNING] test_03_cry_detection_back_discard 出現錯誤/失敗，將重啟 driver。
</pre>
        </blockquote>
    </div>
    </td>
</tr>

<tr id='pt23.4' class='hiddenRow'>
    <td class='passCase'><div class='testcase'>test_04_cry_detection_switch</div></td>
    <td>
    <a onfocus='this.blur();' data-toggle="collapse" href="javascript:showTestDetail('div_pt23.4')">
        通过</a>
    </td>
    <td colspan='5'>
    <div id='div_pt23.4' class="collapse in">
        <blockquote class="layui-elem-quote">
            <pre>pt23.4: Cry detection header text right
Cry detection title right
Cry detection subtitle right
switch off success
switch on success
[WARNING] test_04_cry_detection_switch 出現錯誤/失敗，將重啟 driver。
</pre>
        </blockquote>
    </div>
    </td>
</tr>

    <tr class='passClass'>
        <td class="text-center">CryDetectionCase2_en_US</td>
        <td class="text-center">3</td>
        <td class="text-center">3</td>
        <td class="text-center">0</td>
        <td class="text-center">0</td>
        <td class="text-center">0</td>
        <td class="text-center"><button type="button" class="layui-btn layui-btn-xs" onclick="showClassDetail('c24',3)">详细</button></td>
    </tr>

<tr id='pt24.1' class='hiddenRow'>
    <td class='passCase'><div class='testcase'>test_05_cry_detection_tap_checkbox</div></td>
    <td>
    <a onfocus='this.blur();' data-toggle="collapse" href="javascript:showTestDetail('div_pt24.1')">
        通过</a>
    </td>
    <td colspan='5'>
    <div id='div_pt24.1' class="collapse in">
        <blockquote class="layui-elem-quote">
            <pre>pt24.1: Sensitivity title is correct
music settings text right
smart soothing text right
Low checkbox text is correct
Medium checkbox text is correct
High checkbox text is correct
Low checkbox is clickable
Medium checkbox is clickable
High checkbox is clickable
[WARNING] test_05_cry_detection_tap_checkbox 出現錯誤/失敗，將重啟 driver。
</pre>
        </blockquote>
    </div>
    </td>
</tr>

<tr id='pt24.2' class='hiddenRow'>
    <td class='passCase'><div class='testcase'>test_06_cry_detection_smart_soothing_switch</div></td>
    <td>
    <a onfocus='this.blur();' data-toggle="collapse" href="javascript:showTestDetail('div_pt24.2')">
        通过</a>
    </td>
    <td colspan='5'>
    <div id='div_pt24.2' class="collapse in">
        <blockquote class="layui-elem-quote">
            <pre>pt24.2: switch on success
switch off success
[WARNING] test_06_cry_detection_smart_soothing_switch 出現錯誤/失敗，將重啟 driver。
</pre>
        </blockquote>
    </div>
    </td>
</tr>

<tr id='pt24.3' class='hiddenRow'>
    <td class='passCase'><div class='testcase'>test_07_cry_detection_music_page</div></td>
    <td>
    <a onfocus='this.blur();' data-toggle="collapse" href="javascript:showTestDetail('div_pt24.3')">
        通过</a>
    </td>
    <td colspan='5'>
    <div id='div_pt24.3' class="collapse in">
        <blockquote class="layui-elem-quote">
            <pre>pt24.3: entered music room successfully
[WARNING] test_07_cry_detection_music_page 出現錯誤/失敗，將重啟 driver。
</pre>
        </blockquote>
    </div>
    </td>
</tr>

    <tr class='passClass'>
        <td class="text-center">VoiceServiceTest_en_US</td>
        <td class="text-center">8</td>
        <td class="text-center">8</td>
        <td class="text-center">0</td>
        <td class="text-center">0</td>
        <td class="text-center">0</td>
        <td class="text-center"><button type="button" class="layui-btn layui-btn-xs" onclick="showClassDetail('c25',8)">详细</button></td>
    </tr>

<tr id='pt25.1' class='hiddenRow'>
    <td class='passCase'><div class='testcase'>test_changing_language_discard_with_no</div></td>
    <td>
    <a onfocus='this.blur();' data-toggle="collapse" href="javascript:showTestDetail('div_pt25.1')">
        通过</a>
    </td>
    <td colspan='5'>
    <div id='div_pt25.1' class="collapse in">
        <blockquote class="layui-elem-quote">
            <pre>pt25.1: [WARNING] test_changing_language_discard_with_no 出現錯誤/失敗，將重啟 driver。
</pre>
        </blockquote>
    </div>
    </td>
</tr>

<tr id='pt25.2' class='hiddenRow'>
    <td class='passCase'><div class='testcase'>test_changing_language_discard_with_yes</div></td>
    <td>
    <a onfocus='this.blur();' data-toggle="collapse" href="javascript:showTestDetail('div_pt25.2')">
        通过</a>
    </td>
    <td colspan='5'>
    <div id='div_pt25.2' class="collapse in">
        <blockquote class="layui-elem-quote">
            <pre>pt25.2: [WARNING] test_changing_language_discard_with_yes 出現錯誤/失敗，將重啟 driver。
</pre>
        </blockquote>
    </div>
    </td>
</tr>

<tr id='pt25.3' class='hiddenRow'>
    <td class='passCase'><div class='testcase'>test_changing_language_save</div></td>
    <td>
    <a onfocus='this.blur();' data-toggle="collapse" href="javascript:showTestDetail('div_pt25.3')">
        通过</a>
    </td>
    <td colspan='5'>
    <div id='div_pt25.3' class="collapse in">
        <blockquote class="layui-elem-quote">
            <pre>pt25.3: [WARNING] test_changing_language_save 出現錯誤/失敗，將重啟 driver。
</pre>
        </blockquote>
    </div>
    </td>
</tr>

<tr id='pt25.4' class='hiddenRow'>
    <td class='passCase'><div class='testcase'>test_changing_status_discard_with_no</div></td>
    <td>
    <a onfocus='this.blur();' data-toggle="collapse" href="javascript:showTestDetail('div_pt25.4')">
        通过</a>
    </td>
    <td colspan='5'>
    <div id='div_pt25.4' class="collapse in">
        <blockquote class="layui-elem-quote">
            <pre>pt25.4: [WARNING] test_changing_status_discard_with_no 出現錯誤/失敗，將重啟 driver。
</pre>
        </blockquote>
    </div>
    </td>
</tr>

<tr id='pt25.5' class='hiddenRow'>
    <td class='passCase'><div class='testcase'>test_changing_status_discard_with_yes</div></td>
    <td>
    <a onfocus='this.blur();' data-toggle="collapse" href="javascript:showTestDetail('div_pt25.5')">
        通过</a>
    </td>
    <td colspan='5'>
    <div id='div_pt25.5' class="collapse in">
        <blockquote class="layui-elem-quote">
            <pre>pt25.5: [WARNING] test_changing_status_discard_with_yes 出現錯誤/失敗，將重啟 driver。
</pre>
        </blockquote>
    </div>
    </td>
</tr>

<tr id='pt25.6' class='hiddenRow'>
    <td class='passCase'><div class='testcase'>test_changing_status_save</div></td>
    <td>
    <a onfocus='this.blur();' data-toggle="collapse" href="javascript:showTestDetail('div_pt25.6')">
        通过</a>
    </td>
    <td colspan='5'>
    <div id='div_pt25.6' class="collapse in">
        <blockquote class="layui-elem-quote">
            <pre>pt25.6: [WARNING] test_changing_status_save 出現錯誤/失敗，將重啟 driver。
</pre>
        </blockquote>
    </div>
    </td>
</tr>

<tr id='pt25.7' class='hiddenRow'>
    <td class='passCase'><div class='testcase'>test_no_changing_language</div></td>
    <td>
    <a onfocus='this.blur();' data-toggle="collapse" href="javascript:showTestDetail('div_pt25.7')">
        通过</a>
    </td>
    <td colspan='5'>
    <div id='div_pt25.7' class="collapse in">
        <blockquote class="layui-elem-quote">
            <pre>pt25.7: [WARNING] test_no_changing_language 出現錯誤/失敗，將重啟 driver。
</pre>
        </blockquote>
    </div>
    </td>
</tr>

<tr id='pt25.8' class='hiddenRow'>
    <td class='passCase'><div class='testcase'>test_no_changing_status</div></td>
    <td>
    <a onfocus='this.blur();' data-toggle="collapse" href="javascript:showTestDetail('div_pt25.8')">
        通过</a>
    </td>
    <td colspan='5'>
    <div id='div_pt25.8' class="collapse in">
        <blockquote class="layui-elem-quote">
            <pre>pt25.8: [WARNING] test_no_changing_status 出現錯誤/失敗，將重啟 driver。
</pre>
        </blockquote>
    </div>
    </td>
</tr>

    <tr class='passClass'>
        <td class="text-center">SDcardCase_en_US</td>
        <td class="text-center">2</td>
        <td class="text-center">2</td>
        <td class="text-center">0</td>
        <td class="text-center">0</td>
        <td class="text-center">0</td>
        <td class="text-center"><button type="button" class="layui-btn layui-btn-xs" onclick="showClassDetail('c26',2)">详细</button></td>
    </tr>

<tr id='pt26.1' class='hiddenRow'>
    <td class='passCase'><div class='testcase'>test_01_check_word_back</div></td>
    <td>
    <a onfocus='this.blur();' data-toggle="collapse" href="javascript:showTestDetail('div_pt26.1')">
        通过</a>
    </td>
    <td colspan='5'>
    <div id='div_pt26.1' class="collapse in">
        <blockquote class="layui-elem-quote">
            <pre>pt26.1: Finish opening app.
Header text test success
Format button text test success
Title text test success
Back to Pixsee Settings page
[WARNING] test_01_check_word_back 出現錯誤/失敗，將重啟 driver。
</pre>
        </blockquote>
    </div>
    </td>
</tr>

<tr id='pt26.2' class='hiddenRow'>
    <td class='passCase'><div class='testcase'>test_02_check_format_button</div></td>
    <td>
    <a onfocus='this.blur();' data-toggle="collapse" href="javascript:showTestDetail('div_pt26.2')">
        通过</a>
    </td>
    <td colspan='5'>
    <div id='div_pt26.2' class="collapse in">
        <blockquote class="layui-elem-quote">
            <pre>pt26.2: Format dialog test success
Dialog title test success
Go button text test success
No button text test success
Back to sd card page test success
[WARNING] test_02_check_format_button 出現錯誤/失敗，將重啟 driver。
</pre>
        </blockquote>
    </div>
    </td>
</tr>

    <tr class='errorClass'>
        <td class="text-center">SubscriptionCase1_en_US</td>
        <td class="text-center">5</td>
        <td class="text-center">1</td>
        <td class="text-center">2</td>
        <td class="text-center">2</td>
        <td class="text-center">0</td>
        <td class="text-center"><button type="button" class="layui-btn layui-btn-xs" onclick="showClassDetail('c27',5)">详细</button></td>
    </tr>

<tr id='ft27.1' class=''>
    <td class='failCase'><div class='testcase'>test_01_subscription_check_text_and_color</div></td>
    <td>
    <a onfocus='this.blur();' data-toggle="collapse" href="javascript:showTestDetail('div_ft27.1')">
        失败</a>
    </td>
    <td colspan='5'>
    <div id='div_ft27.1' class="collapse in">
        <blockquote class="layui-elem-quote">
            <pre>ft27.1: Finish opening app.
Not in subscription page
Traceback (most recent call last):
  File "C:\Users\JPR68\Desktop\PythonProject\tests\subscription_tests\havent_subscription_test.py", line 45, in test_01_subscription_check_text_and_color
    self.assertTrue(subscription_page.is_in_subscription_page())
    ~~~~~~~~~~~~~~~^^^^^^^^^^^^^^^^^^^^^^^^^^^^^^^^^^^^^^^^^^^^^
AssertionError: False is not true

During handling of the above exception, another exception occurred:

Traceback (most recent call last):
  File "C:\Users\JPR68\Desktop\PythonProject\tests\subscription_tests\havent_subscription_test.py", line 49, in test_01_subscription_check_text_and_color
    raise AssertionError("Not in subscription page")
AssertionError: Not in subscription page
</pre>
        </blockquote>
    </div>
    </td>
</tr>

<tr id='pt27.2' class='hiddenRow'>
    <td class='passCase'><div class='testcase'>test_02_subscription_click_x</div></td>
    <td>
    <a onfocus='this.blur();' data-toggle="collapse" href="javascript:showTestDetail('div_pt27.2')">
        通过</a>
    </td>
    <td colspan='5'>
    <div id='div_pt27.2' class="collapse in">
        <blockquote class="layui-elem-quote">
            <pre>pt27.2: Finish opening app.
x works, back to baby monitor page
[WARNING] test_02_subscription_click_x 出現錯誤/失敗，將重啟 driver。
</pre>
        </blockquote>
    </div>
    </td>
</tr>

<tr id='ft27.3' class=''>
    <td class='errorCase'><div class='testcase'>test_03_subscription_information</div></td>
    <td>
    <a onfocus='this.blur();' data-toggle="collapse" href="javascript:showTestDetail('div_ft27.3')">
        错误</a>
    </td>
    <td colspan='5'>
    <div id='div_ft27.3' class="collapse in">
        <blockquote class="layui-elem-quote">
            <pre>ft27.3: Finish opening app.
Traceback (most recent call last):
  File "C:\Users\JPR68\Desktop\PythonProject\tests\subscription_tests\havent_subscription_test.py", line 102, in test_03_subscription_information
    subscription_page.click_info()
    ~~~~~~~~~~~~~~~~~~~~~~~~~~~~^^
  File "C:\Users\JPR68\Desktop\PythonProject\pages\menu_pages\subscription_pages\havent_subscription_page.py", line 160, in click_info
    WebDriverWait(self.driver, base.wait_time).until(
    ~~~~~~~~~~~~~~~~~~~~~~~~~~~~~~~~~~~~~~~~~~~~~~~~^
        EC.presence_of_element_located(("id", self.Info))
        ^^^^^^^^^^^^^^^^^^^^^^^^^^^^^^^^^^^^^^^^^^^^^^^^^
    )
    ^
  File "C:\Users\JPR68\scoop\apps\python\current\Lib\site-packages\selenium\webdriver\support\wait.py", line 138, in until
    raise TimeoutException(message, screen, stacktrace)
selenium.common.exceptions.TimeoutException: Message: 
Stacktrace:
NoSuchElementError: An element could not be located on the page using the given search parameters.
    at AndroidUiautomator2Driver.findElOrEls (C:\Users\JPR68\.appium\node_modules\appium-uiautomator2-driver\node_modules\appium-android-driver\lib\commands\find.ts:86:11)
    at processTicksAndRejections (node:internal/process/task_queues:105:5)
    at AndroidUiautomator2Driver.findElOrElsWithProcessing (C:\Users\JPR68\scoop\persist\nodejs\bin\node_modules\appium\node_modules\@appium\base-driver\lib\basedriver\commands\find.ts:60:12)
    at AndroidUiautomator2Driver.findElement (C:\Users\JPR68\scoop\persist\nodejs\bin\node_modules\appium\node_modules\@appium\base-driver\lib\basedriver\commands\find.ts:75:12)
</pre>
        </blockquote>
    </div>
    </td>
</tr>

<tr id='ft27.4' class=''>
    <td class='errorCase'><div class='testcase'>test_04_subscription_coupon</div></td>
    <td>
    <a onfocus='this.blur();' data-toggle="collapse" href="javascript:showTestDetail('div_ft27.4')">
        错误</a>
    </td>
    <td colspan='5'>
    <div id='div_ft27.4' class="collapse in">
        <blockquote class="layui-elem-quote">
            <pre>ft27.4: Finish opening app.
Traceback (most recent call last):
  File "C:\Users\JPR68\Desktop\PythonProject\tests\subscription_tests\havent_subscription_test.py", line 117, in test_04_subscription_coupon
    subscription_page.click_coupon()
    ~~~~~~~~~~~~~~~~~~~~~~~~~~~~~~^^
  File "C:\Users\JPR68\Desktop\PythonProject\pages\menu_pages\subscription_pages\havent_subscription_page.py", line 166, in click_coupon
    WebDriverWait(self.driver, base.wait_time).until(
    ~~~~~~~~~~~~~~~~~~~~~~~~~~~~~~~~~~~~~~~~~~~~~~~~^
        EC.presence_of_element_located(("id", self.CouponButton))
        ^^^^^^^^^^^^^^^^^^^^^^^^^^^^^^^^^^^^^^^^^^^^^^^^^^^^^^^^^
    )
    ^
  File "C:\Users\JPR68\scoop\apps\python\current\Lib\site-packages\selenium\webdriver\support\wait.py", line 138, in until
    raise TimeoutException(message, screen, stacktrace)
selenium.common.exceptions.TimeoutException: Message: 
Stacktrace:
NoSuchElementError: An element could not be located on the page using the given search parameters.
    at AndroidUiautomator2Driver.findElOrEls (C:\Users\JPR68\.appium\node_modules\appium-uiautomator2-driver\node_modules\appium-android-driver\lib\commands\find.ts:86:11)
    at processTicksAndRejections (node:internal/process/task_queues:105:5)
    at AndroidUiautomator2Driver.findElOrElsWithProcessing (C:\Users\JPR68\scoop\persist\nodejs\bin\node_modules\appium\node_modules\@appium\base-driver\lib\basedriver\commands\find.ts:60:12)
    at AndroidUiautomator2Driver.findElement (C:\Users\JPR68\scoop\persist\nodejs\bin\node_modules\appium\node_modules\@appium\base-driver\lib\basedriver\commands\find.ts:75:12)
</pre>
        </blockquote>
    </div>
    </td>
</tr>

<tr id='ft27.5' class=''>
    <td class='failCase'><div class='testcase'>test_05_subscription_page_check_gold_button</div></td>
    <td>
    <a onfocus='this.blur();' data-toggle="collapse" href="javascript:showTestDetail('div_ft27.5')">
        失败</a>
    </td>
    <td colspan='5'>
    <div id='div_ft27.5' class="collapse in">
        <blockquote class="layui-elem-quote">
            <pre>ft27.5: Finish opening app.
Traceback (most recent call last):
  File "C:\Users\JPR68\Desktop\PythonProject\tests\subscription_tests\havent_subscription_test.py", line 203, in test_05_subscription_page_check_gold_button
    self.assertEqual(gold_star_button_text, hint)
    ~~~~~~~~~~~~~~~~^^^^^^^^^^^^^^^^^^^^^^^^^^^^^
AssertionError: None != 'Gold Star'

During handling of the above exception, another exception occurred:

Traceback (most recent call last):
  File "C:\Users\JPR68\Desktop\PythonProject\tests\subscription_tests\havent_subscription_test.py", line 206, in test_05_subscription_page_check_gold_button
    raise AssertionError("Gold star button text wrong")
AssertionError: Gold star button text wrong
</pre>
        </blockquote>
    </div>
    </td>
</tr>

    <tr class='failClass'>
        <td class="text-center">PixseeCloudTest1_en_US</td>
        <td class="text-center">1</td>
        <td class="text-center">0</td>
        <td class="text-center">1</td>
        <td class="text-center">0</td>
        <td class="text-center">0</td>
        <td class="text-center"><button type="button" class="layui-btn layui-btn-xs" onclick="showClassDetail('c28',1)">详细</button></td>
    </tr>

<tr id='ft28.1' class=''>
    <td class='failCase'><div class='testcase'>test_01_pixsee_cloud_page_check_storage</div></td>
    <td>
    <a onfocus='this.blur();' data-toggle="collapse" href="javascript:showTestDetail('div_ft28.1')">
        失败</a>
    </td>
    <td colspan='5'>
    <div id='div_ft28.1' class="collapse in">
        <blockquote class="layui-elem-quote">
            <pre>ft28.1: Finish opening app.
Traceback (most recent call last):
  File "C:\Users\JPR68\Desktop\PythonProject\tests\assistant_tests\pixsee_cloud_test.py", line 72, in test_01_pixsee_cloud_page_check_storage
    raise AssertionError("Total storage is not 1GB, cannot calculate used percent.")
AssertionError: Total storage is not 1GB, cannot calculate used percent.
</pre>
        </blockquote>
    </div>
    </td>
</tr>

    <tr class='errorClass'>
        <td class="text-center">PixseeCloudTest2_en_US</td>
        <td class="text-center">7</td>
        <td class="text-center">4</td>
        <td class="text-center">0</td>
        <td class="text-center">3</td>
        <td class="text-center">0</td>
        <td class="text-center"><button type="button" class="layui-btn layui-btn-xs" onclick="showClassDetail('c29',7)">详细</button></td>
    </tr>

<tr id='ft29.1' class=''>
    <td class='errorCase'><div class='testcase'>test_02_pixsee_cloud_page_check_all_texts</div></td>
    <td>
    <a onfocus='this.blur();' data-toggle="collapse" href="javascript:showTestDetail('div_ft29.1')">
        错误</a>
    </td>
    <td colspan='5'>
    <div id='div_ft29.1' class="collapse in">
        <blockquote class="layui-elem-quote">
            <pre>ft29.1: Traceback (most recent call last):
  File "C:\Users\JPR68\Desktop\PythonProject\tests\assistant_tests\pixsee_cloud_test.py", line 127, in test_02_pixsee_cloud_page_check_all_texts
    self.assertEqual(pixsee_cloud_page.upgrade_text(), self.get_string("upgrade_subscription").replace("&lt;b&gt;", "").replace("&lt;/b&gt;", ""), "Upgrade text does not match.")
                     ~~~~~~~~~~~~~~~~~~~~~~~~~~~~~~^^
  File "C:\Users\JPR68\Desktop\PythonProject\pages\menu_pages\assistant_pages\pixsee_cloud_page.py", line 138, in upgrade_text
    WebDriverWait(self.driver, 10).until(
    ~~~~~~~~~~~~~~~~~~~~~~~~~~~~~~~~~~~~^
        EC.presence_of_element_located(("id", self.Upgrade))
        ^^^^^^^^^^^^^^^^^^^^^^^^^^^^^^^^^^^^^^^^^^^^^^^^^^^^
    )
    ^
  File "C:\Users\JPR68\scoop\apps\python\current\Lib\site-packages\selenium\webdriver\support\wait.py", line 138, in until
    raise TimeoutException(message, screen, stacktrace)
selenium.common.exceptions.TimeoutException: Message: 
Stacktrace:
NoSuchElementError: An element could not be located on the page using the given search parameters.
    at AndroidUiautomator2Driver.findElOrEls (C:\Users\JPR68\.appium\node_modules\appium-uiautomator2-driver\node_modules\appium-android-driver\lib\commands\find.ts:86:11)
    at processTicksAndRejections (node:internal/process/task_queues:105:5)
    at AndroidUiautomator2Driver.findElOrElsWithProcessing (C:\Users\JPR68\scoop\persist\nodejs\bin\node_modules\appium\node_modules\@appium\base-driver\lib\basedriver\commands\find.ts:60:12)
    at AndroidUiautomator2Driver.findElement (C:\Users\JPR68\scoop\persist\nodejs\bin\node_modules\appium\node_modules\@appium\base-driver\lib\basedriver\commands\find.ts:75:12)
</pre>
        </blockquote>
    </div>
    </td>
</tr>

<tr id='pt29.2' class='hiddenRow'>
    <td class='passCase'><div class='testcase'>test_03_pixsee_cloud_page_check_usage_sum</div></td>
    <td>
    <a onfocus='this.blur();' data-toggle="collapse" href="javascript:showTestDetail('div_pt29.2')">
        通过</a>
    </td>
    <td colspan='5'>
    <div id='div_pt29.2' class="collapse in">
        <blockquote class="layui-elem-quote">
            <pre>pt29.2: [WARNING] test_03_pixsee_cloud_page_check_usage_sum 出現錯誤/失敗，將重啟 driver。
</pre>
        </blockquote>
    </div>
    </td>
</tr>

<tr id='pt29.3' class='hiddenRow'>
    <td class='passCase'><div class='testcase'>test_04_pixsee_cloud_page_check_icon_color</div></td>
    <td>
    <a onfocus='this.blur();' data-toggle="collapse" href="javascript:showTestDetail('div_pt29.3')">
        通过</a>
    </td>
    <td colspan='5'>
    <div id='div_pt29.3' class="collapse in">
        <blockquote class="layui-elem-quote">
            <pre>pt29.3: 29
[WARNING] test_04_pixsee_cloud_page_check_icon_color 出現錯誤/失敗，將重啟 driver。
</pre>
        </blockquote>
    </div>
    </td>
</tr>

<tr id='ft29.4' class=''>
    <td class='errorCase'><div class='testcase'>test_05_pixsee_cloud_page_check_upgrade_button</div></td>
    <td>
    <a onfocus='this.blur();' data-toggle="collapse" href="javascript:showTestDetail('div_ft29.4')">
        错误</a>
    </td>
    <td colspan='5'>
    <div id='div_ft29.4' class="collapse in">
        <blockquote class="layui-elem-quote">
            <pre>ft29.4: Traceback (most recent call last):
  File "C:\Users\JPR68\Desktop\PythonProject\tests\assistant_tests\pixsee_cloud_test.py", line 206, in test_05_pixsee_cloud_page_check_upgrade_button
    pixsee_cloud_page.click_upgrade()
    ~~~~~~~~~~~~~~~~~~~~~~~~~~~~~~~^^
  File "C:\Users\JPR68\Desktop\PythonProject\pages\menu_pages\assistant_pages\pixsee_cloud_page.py", line 60, in click_upgrade
    WebDriverWait(self.driver, 10).until(
    ~~~~~~~~~~~~~~~~~~~~~~~~~~~~~~~~~~~~^
        EC.presence_of_element_located(("id", self.Upgrade))
        ^^^^^^^^^^^^^^^^^^^^^^^^^^^^^^^^^^^^^^^^^^^^^^^^^^^^
    )
    ^
  File "C:\Users\JPR68\scoop\apps\python\current\Lib\site-packages\selenium\webdriver\support\wait.py", line 138, in until
    raise TimeoutException(message, screen, stacktrace)
selenium.common.exceptions.TimeoutException: Message: 
Stacktrace:
NoSuchElementError: An element could not be located on the page using the given search parameters.
    at AndroidUiautomator2Driver.findElOrEls (C:\Users\JPR68\.appium\node_modules\appium-uiautomator2-driver\node_modules\appium-android-driver\lib\commands\find.ts:86:11)
    at processTicksAndRejections (node:internal/process/task_queues:105:5)
    at AndroidUiautomator2Driver.findElOrElsWithProcessing (C:\Users\JPR68\scoop\persist\nodejs\bin\node_modules\appium\node_modules\@appium\base-driver\lib\basedriver\commands\find.ts:60:12)
    at AndroidUiautomator2Driver.findElement (C:\Users\JPR68\scoop\persist\nodejs\bin\node_modules\appium\node_modules\@appium\base-driver\lib\basedriver\commands\find.ts:75:12)
</pre>
        </blockquote>
    </div>
    </td>
</tr>

<tr id='ft29.5' class=''>
    <td class='errorCase'><div class='testcase'>test_06_pixsee_cloud_page_check_backup_data_button</div></td>
    <td>
    <a onfocus='this.blur();' data-toggle="collapse" href="javascript:showTestDetail('div_ft29.5')">
        错误</a>
    </td>
    <td colspan='5'>
    <div id='div_ft29.5' class="collapse in">
        <blockquote class="layui-elem-quote">
            <pre>ft29.5: Traceback (most recent call last):
  File "C:\Users\JPR68\Desktop\PythonProject\tests\assistant_tests\pixsee_cloud_test.py", line 215, in test_06_pixsee_cloud_page_check_backup_data_button
    pixsee_cloud_page.click_download()
    ~~~~~~~~~~~~~~~~~~~~~~~~~~~~~~~~^^
  File "C:\Users\JPR68\Desktop\PythonProject\pages\menu_pages\assistant_pages\pixsee_cloud_page.py", line 54, in click_download
    WebDriverWait(self.driver, 10).until(
    ~~~~~~~~~~~~~~~~~~~~~~~~~~~~~~~~~~~~^
        EC.presence_of_element_located(("id", self.Download))
        ^^^^^^^^^^^^^^^^^^^^^^^^^^^^^^^^^^^^^^^^^^^^^^^^^^^^^
    )
    ^
  File "C:\Users\JPR68\scoop\apps\python\current\Lib\site-packages\selenium\webdriver\support\wait.py", line 138, in until
    raise TimeoutException(message, screen, stacktrace)
selenium.common.exceptions.TimeoutException: Message: 
Stacktrace:
NoSuchElementError: An element could not be located on the page using the given search parameters.
    at AndroidUiautomator2Driver.findElOrEls (C:\Users\JPR68\.appium\node_modules\appium-uiautomator2-driver\node_modules\appium-android-driver\lib\commands\find.ts:86:11)
    at processTicksAndRejections (node:internal/process/task_queues:105:5)
    at AndroidUiautomator2Driver.findElOrElsWithProcessing (C:\Users\JPR68\scoop\persist\nodejs\bin\node_modules\appium\node_modules\@appium\base-driver\lib\basedriver\commands\find.ts:60:12)
    at AndroidUiautomator2Driver.findElement (C:\Users\JPR68\scoop\persist\nodejs\bin\node_modules\appium\node_modules\@appium\base-driver\lib\basedriver\commands\find.ts:75:12)
</pre>
        </blockquote>
    </div>
    </td>
</tr>

<tr id='pt29.6' class='hiddenRow'>
    <td class='passCase'><div class='testcase'>test_07_pixsee_cloud_page_check_backup_data_button</div></td>
    <td>
    <a onfocus='this.blur();' data-toggle="collapse" href="javascript:showTestDetail('div_pt29.6')">
        通过</a>
    </td>
    <td colspan='5'>
    <div id='div_pt29.6' class="collapse in">
        <blockquote class="layui-elem-quote">
            <pre>pt29.6: [WARNING] test_07_pixsee_cloud_page_check_backup_data_button 出現錯誤/失敗，將重啟 driver。
</pre>
        </blockquote>
    </div>
    </td>
</tr>

<tr id='pt29.7' class='hiddenRow'>
    <td class='passCase'><div class='testcase'>test_08_pixsee_cloud_page_check_free_up_storage_button</div></td>
    <td>
    <a onfocus='this.blur();' data-toggle="collapse" href="javascript:showTestDetail('div_pt29.7')">
        通过</a>
    </td>
    <td colspan='5'>
    <div id='div_pt29.7' class="collapse in">
        <blockquote class="layui-elem-quote">
            <pre>pt29.7: 624.3
(50.0, 312.2) 312.2
[WARNING] test_08_pixsee_cloud_page_check_free_up_storage_button 出現錯誤/失敗，將重啟 driver。
</pre>
        </blockquote>
    </div>
    </td>
</tr>

    <tr class='errorClass'>
        <td class="text-center">TimeLapseVideoCase1_en_US</td>
        <td class="text-center">2</td>
        <td class="text-center">0</td>
        <td class="text-center">0</td>
        <td class="text-center">2</td>
        <td class="text-center">0</td>
        <td class="text-center"><button type="button" class="layui-btn layui-btn-xs" onclick="showClassDetail('c30',2)">详细</button></td>
    </tr>

<tr id='ft30.1' class=''>
    <td class='errorCase'><div class='testcase'>test_01_time_lapse_video_subscriptio_not_subscribe</div></td>
    <td>
    <a onfocus='this.blur();' data-toggle="collapse" href="javascript:showTestDetail('div_ft30.1')">
        错误</a>
    </td>
    <td colspan='5'>
    <div id='div_ft30.1' class="collapse in">
        <blockquote class="layui-elem-quote">
            <pre>ft30.1: Finish opening app.
Traceback (most recent call last):
  File "C:\Users\JPR68\Desktop\PythonProject\tests\pixsee_settings_tests\time_lapse_video_test.py", line 51, in test_01_time_lapse_video_subscriptio_not_subscribe
    pixsee_settings_page.click_time_lapse_video()
    ~~~~~~~~~~~~~~~~~~~~~~~~~~~~~~~~~~~~~~~~~~~^^
  File "C:\Users\JPR68\Desktop\PythonProject\pages\menu_pages\pixsee_settings_pages\pixsee_settings_page.py", line 146, in click_time_lapse_video
    WebDriverWait(self.driver, base.wait_time).until(
    ~~~~~~~~~~~~~~~~~~~~~~~~~~~~~~~~~~~~~~~~~~~~~~~~^
    	EC.presence_of_element_located(("id", self.TimeLapseVideo))
     ^^^^^^^^^^^^^^^^^^^^^^^^^^^^^^^^^^^^^^^^^^^^^^^^^^^^^^^^^^^
    )
    ^
  File "C:\Users\JPR68\scoop\apps\python\current\Lib\site-packages\selenium\webdriver\support\wait.py", line 138, in until
    raise TimeoutException(message, screen, stacktrace)
selenium.common.exceptions.TimeoutException: Message: 
Stacktrace:
NoSuchElementError: An element could not be located on the page using the given search parameters.
    at AndroidUiautomator2Driver.findElOrEls (C:\Users\JPR68\.appium\node_modules\appium-uiautomator2-driver\node_modules\appium-android-driver\lib\commands\find.ts:86:11)
    at processTicksAndRejections (node:internal/process/task_queues:105:5)
    at AndroidUiautomator2Driver.findElOrElsWithProcessing (C:\Users\JPR68\scoop\persist\nodejs\bin\node_modules\appium\node_modules\@appium\base-driver\lib\basedriver\commands\find.ts:60:12)
    at AndroidUiautomator2Driver.findElement (C:\Users\JPR68\scoop\persist\nodejs\bin\node_modules\appium\node_modules\@appium\base-driver\lib\basedriver\commands\find.ts:75:12)
</pre>
        </blockquote>
    </div>
    </td>
</tr>

<tr id='ft30.2' class=''>
    <td class='errorCase'><div class='testcase'>test_02_time_lapse_subscribe</div></td>
    <td>
    <a onfocus='this.blur();' data-toggle="collapse" href="javascript:showTestDetail('div_ft30.2')">
        错误</a>
    </td>
    <td colspan='5'>
    <div id='div_ft30.2' class="collapse in">
        <blockquote class="layui-elem-quote">
            <pre>ft30.2: Finish opening app.
Traceback (most recent call last):
  File "C:\Users\JPR68\Desktop\PythonProject\tests\pixsee_settings_tests\time_lapse_video_test.py", line 144, in test_02_time_lapse_subscribe
    time_lapse_video.click_switch()
    ~~~~~~~~~~~~~~~~~~~~~~~~~~~~~^^
  File "C:\Users\JPR68\Desktop\PythonProject\pages\menu_pages\pixsee_settings_pages\time_lapse_video_page.py", line 277, in click_switch
    WebDriverWait(self.driver, base.wait_time).until(
    ~~~~~~~~~~~~~~~~~~~~~~~~~~~~~~~~~~~~~~~~~~~~~~~~^
        EC.presence_of_element_located(("id", self.Switch))
        ^^^^^^^^^^^^^^^^^^^^^^^^^^^^^^^^^^^^^^^^^^^^^^^^^^^
    )
    ^
  File "C:\Users\JPR68\scoop\apps\python\current\Lib\site-packages\selenium\webdriver\support\wait.py", line 138, in until
    raise TimeoutException(message, screen, stacktrace)
selenium.common.exceptions.TimeoutException: Message: 
Stacktrace:
NoSuchElementError: An element could not be located on the page using the given search parameters.
    at AndroidUiautomator2Driver.findElOrEls (C:\Users\JPR68\.appium\node_modules\appium-uiautomator2-driver\node_modules\appium-android-driver\lib\commands\find.ts:86:11)
    at processTicksAndRejections (node:internal/process/task_queues:105:5)
    at AndroidUiautomator2Driver.findElOrElsWithProcessing (C:\Users\JPR68\scoop\persist\nodejs\bin\node_modules\appium\node_modules\@appium\base-driver\lib\basedriver\commands\find.ts:60:12)
    at AndroidUiautomator2Driver.findElement (C:\Users\JPR68\scoop\persist\nodejs\bin\node_modules\appium\node_modules\@appium\base-driver\lib\basedriver\commands\find.ts:75:12)
</pre>
        </blockquote>
    </div>
    </td>
</tr>

    <tr class='passClass'>
        <td class="text-center">TimeLapseVideoCase2_en_US</td>
        <td class="text-center">4</td>
        <td class="text-center">4</td>
        <td class="text-center">0</td>
        <td class="text-center">0</td>
        <td class="text-center">0</td>
        <td class="text-center"><button type="button" class="layui-btn layui-btn-xs" onclick="showClassDetail('c31',4)">详细</button></td>
    </tr>

<tr id='pt31.1' class='hiddenRow'>
    <td class='passCase'><div class='testcase'>test_05_time_lapse_video_save</div></td>
    <td>
    <a onfocus='this.blur();' data-toggle="collapse" href="javascript:showTestDetail('div_pt31.1')">
        通过</a>
    </td>
    <td colspan='5'>
    <div id='div_pt31.1' class="collapse in">
        <blockquote class="layui-elem-quote">
            <pre>pt31.1: Save diable test pass
save function success
[WARNING] test_05_time_lapse_video_save 出現錯誤/失敗，將重啟 driver。
</pre>
        </blockquote>
    </div>
    </td>
</tr>

<tr id='pt31.2' class='hiddenRow'>
    <td class='passCase'><div class='testcase'>test_06_time_lapse_video_back</div></td>
    <td>
    <a onfocus='this.blur();' data-toggle="collapse" href="javascript:showTestDetail('div_pt31.2')">
        通过</a>
    </td>
    <td colspan='5'>
    <div id='div_pt31.2' class="collapse in">
        <blockquote class="layui-elem-quote">
            <pre>pt31.2: Back to pixsee settings page
[WARNING] test_06_time_lapse_video_back 出現錯誤/失敗，將重啟 driver。
</pre>
        </blockquote>
    </div>
    </td>
</tr>

<tr id='pt31.3' class='hiddenRow'>
    <td class='passCase'><div class='testcase'>test_07_time_lapse_video_discard_dialog</div></td>
    <td>
    <a onfocus='this.blur();' data-toggle="collapse" href="javascript:showTestDetail('div_pt31.3')">
        通过</a>
    </td>
    <td colspan='5'>
    <div id='div_pt31.3' class="collapse in">
        <blockquote class="layui-elem-quote">
            <pre>pt31.3: In discard dialog
Discard dialog title right
Discard dialog cancel text right
Discard dialog confirm text right
Back to pixsee settings page after discard
[WARNING] test_07_time_lapse_video_discard_dialog 出現錯誤/失敗，將重啟 driver。
</pre>
        </blockquote>
    </div>
    </td>
</tr>

<tr id='pt31.4' class='hiddenRow'>
    <td class='passCase'><div class='testcase'>test_08_time_lapse_video_switch</div></td>
    <td>
    <a onfocus='this.blur();' data-toggle="collapse" href="javascript:showTestDetail('div_pt31.4')">
        通过</a>
    </td>
    <td colspan='5'>
    <div id='div_pt31.4' class="collapse in">
        <blockquote class="layui-elem-quote">
            <pre>pt31.4: switch off success
switch on success
[WARNING] test_08_time_lapse_video_switch 出現錯誤/失敗，將重啟 driver。
</pre>
        </blockquote>
    </div>
    </td>
</tr>

    <tr class='passClass'>
        <td class="text-center">TimeLapseVideoCase3_en_US</td>
        <td class="text-center">3</td>
        <td class="text-center">3</td>
        <td class="text-center">0</td>
        <td class="text-center">0</td>
        <td class="text-center">0</td>
        <td class="text-center"><button type="button" class="layui-btn layui-btn-xs" onclick="showClassDetail('c32',3)">详细</button></td>
    </tr>

<tr id='pt32.1' class='hiddenRow'>
    <td class='passCase'><div class='testcase'>test_09_time_lapse_video_check_text</div></td>
    <td>
    <a onfocus='this.blur();' data-toggle="collapse" href="javascript:showTestDetail('div_pt32.1')">
        通过</a>
    </td>
    <td colspan='5'>
    <div id='div_pt32.1' class="collapse in">
        <blockquote class="layui-elem-quote">
            <pre>pt32.1: time_lapse_video recording mode text right
time_lapse_video time span text right
time_lapse_video start time text right
time_lapse_video entire time text right
time_lapse_video people in view text right
time_lapse_video twelve hour text right
time_lapse_video twenty four hour text right
[WARNING] test_09_time_lapse_video_check_text 出現錯誤/失敗，將重啟 driver。
</pre>
        </blockquote>
    </div>
    </td>
</tr>

<tr id='pt32.2' class='hiddenRow'>
    <td class='passCase'><div class='testcase'>test_10_time_lapse_video_checkbox</div></td>
    <td>
    <a onfocus='this.blur();' data-toggle="collapse" href="javascript:showTestDetail('div_pt32.2')">
        通过</a>
    </td>
    <td colspan='5'>
    <div id='div_pt32.2' class="collapse in">
        <blockquote class="layui-elem-quote">
            <pre>pt32.2: tap on Entire Time success
tap on People in view success
Twelve hours checkbox is checked
Twenty four hours checkbox is checked
[WARNING] test_10_time_lapse_video_checkbox 出現錯誤/失敗，將重啟 driver。
</pre>
        </blockquote>
    </div>
    </td>
</tr>

<tr id='pt32.3' class='hiddenRow'>
    <td class='passCase'><div class='testcase'>test_11_time_lapse_video_select_time</div></td>
    <td>
    <a onfocus='this.blur();' data-toggle="collapse" href="javascript:showTestDetail('div_pt32.3')">
        通过</a>
    </td>
    <td colspan='5'>
    <div id='div_pt32.3' class="collapse in">
        <blockquote class="layui-elem-quote">
            <pre>pt32.3: In time selecter
In time selecter
Start time block cancel text right
Start time block confirm text right
timer confirm function success
[WARNING] test_11_time_lapse_video_select_time 出現錯誤/失敗，將重啟 driver。
</pre>
        </blockquote>
    </div>
    </td>
</tr>

    <tr class='failClass'>
        <td class="text-center">SubscriptionCase2_en_US</td>
        <td class="text-center">5</td>
        <td class="text-center">4</td>
        <td class="text-center">1</td>
        <td class="text-center">0</td>
        <td class="text-center">0</td>
        <td class="text-center"><button type="button" class="layui-btn layui-btn-xs" onclick="showClassDetail('c33',5)">详细</button></td>
    </tr>

<tr id='pt33.1' class='hiddenRow'>
    <td class='passCase'><div class='testcase'>test_01_subscription_check_text</div></td>
    <td>
    <a onfocus='this.blur();' data-toggle="collapse" href="javascript:showTestDetail('div_pt33.1')">
        通过</a>
    </td>
    <td colspan='5'>
    <div id='div_pt33.1' class="collapse in">
        <blockquote class="layui-elem-quote">
            <pre>pt33.1: Finish opening app.
In subscription page
Subscription current plan text right
Subscription payment method text right
Subscription in app purchase text right
Subscription expiration text right
Subscription promotion text right
[WARNING] test_01_subscription_check_text 出現錯誤/失敗，將重啟 driver。
</pre>
        </blockquote>
    </div>
    </td>
</tr>

<tr id='pt33.2' class='hiddenRow'>
    <td class='passCase'><div class='testcase'>test_02_subscription_click_back</div></td>
    <td>
    <a onfocus='this.blur();' data-toggle="collapse" href="javascript:showTestDetail('div_pt33.2')">
        通过</a>
    </td>
    <td colspan='5'>
    <div id='div_pt33.2' class="collapse in">
        <blockquote class="layui-elem-quote">
            <pre>pt33.2: x works, back to baby monitor page
[WARNING] test_02_subscription_click_back 出現錯誤/失敗，將重啟 driver。
</pre>
        </blockquote>
    </div>
    </td>
</tr>

<tr id='pt33.3' class='hiddenRow'>
    <td class='passCase'><div class='testcase'>test_03_subscription_information</div></td>
    <td>
    <a onfocus='this.blur();' data-toggle="collapse" href="javascript:showTestDetail('div_pt33.3')">
        通过</a>
    </td>
    <td colspan='5'>
    <div id='div_pt33.3' class="collapse in">
        <blockquote class="layui-elem-quote">
            <pre>pt33.3: In subscription information page
[WARNING] test_03_subscription_information 出現錯誤/失敗，將重啟 driver。
</pre>
        </blockquote>
    </div>
    </td>
</tr>

<tr id='pt33.4' class='hiddenRow'>
    <td class='passCase'><div class='testcase'>test_04_subscription_coupon</div></td>
    <td>
    <a onfocus='this.blur();' data-toggle="collapse" href="javascript:showTestDetail('div_pt33.4')">
        通过</a>
    </td>
    <td colspan='5'>
    <div id='div_pt33.4' class="collapse in">
        <blockquote class="layui-elem-quote">
            <pre>pt33.4: In coupon dialog
Coupon dialog title right
Coupon dialog cancel text right
Coupon dialog confirm text right
Coupon code hint text right
0 digit code test pass
1 digit code test pass
2 digit code test pass
3 digit code test pass
4 digit code test pass
5 digit code test pass
6 digit code test pass
Wrong code text right
In coupon information page
Back to subscription page after click cancel
[WARNING] test_04_subscription_coupon 出現錯誤/失敗，將重啟 driver。
</pre>
        </blockquote>
    </div>
    </td>
</tr>

<tr id='ft33.5' class=''>
    <td class='failCase'><div class='testcase'>test_05_subscription_button</div></td>
    <td>
    <a onfocus='this.blur();' data-toggle="collapse" href="javascript:showTestDetail('div_ft33.5')">
        失败</a>
    </td>
    <td colspan='5'>
    <div id='div_ft33.5' class="collapse in">
        <blockquote class="layui-elem-quote">
            <pre>ft33.5: Traceback (most recent call last):
  File "C:\Users\JPR68\Desktop\PythonProject\tests\subscription_tests\already_subscription_test.py", line 204, in test_05_subscription_button
    self.assertTrue(subscription_page.is_in_price_plan_dialog())
    ~~~~~~~~~~~~~~~^^^^^^^^^^^^^^^^^^^^^^^^^^^^^^^^^^^^^^^^^^^^^
AssertionError: False is not true

During handling of the above exception, another exception occurred:

Traceback (most recent call last):
  File "C:\Users\JPR68\Desktop\PythonProject\tests\subscription_tests\already_subscription_test.py", line 207, in test_05_subscription_button
    raise AssertionError("Not in prize plan dialog")
AssertionError: Not in prize plan dialog
</pre>
        </blockquote>
    </div>
    </td>
</tr>

    <tr class='errorClass'>
        <td class="text-center">PixseeSettingsTest_en_US</td>
        <td class="text-center">15</td>
        <td class="text-center">2</td>
        <td class="text-center">1</td>
        <td class="text-center">12</td>
        <td class="text-center">0</td>
        <td class="text-center"><button type="button" class="layui-btn layui-btn-xs" onclick="showClassDetail('c34',15)">详细</button></td>
    </tr>

<tr id='ft34.1' class=''>
    <td class='errorCase'><div class='testcase'>test_01_enter_pixsee_profile</div></td>
    <td>
    <a onfocus='this.blur();' data-toggle="collapse" href="javascript:showTestDetail('div_ft34.1')">
        错误</a>
    </td>
    <td colspan='5'>
    <div id='div_ft34.1' class="collapse in">
        <blockquote class="layui-elem-quote">
            <pre>ft34.1: Finish opening app.
Test failed with exception: Message: 
Stacktrace:
NoSuchElementError: An element could not be located on the page using the given search parameters.
    at AndroidUiautomator2Driver.findElOrEls (C:\Users\JPR68\.appium\node_modules\appium-uiautomator2-driver\node_modules\appium-android-driver\lib\commands\find.ts:86:11)
    at processTicksAndRejections (node:internal/process/task_queues:105:5)
    at AndroidUiautomator2Driver.findElOrElsWithProcessing (C:\Users\JPR68\scoop\persist\nodejs\bin\node_modules\appium\node_modules\@appium\base-driver\lib\basedriver\commands\find.ts:60:12)
    at AndroidUiautomator2Driver.findElement (C:\Users\JPR68\scoop\persist\nodejs\bin\node_modules\appium\node_modules\@appium\base-driver\lib\basedriver\commands\find.ts:75:12)
Traceback (most recent call last):
  File "C:\Users\JPR68\Desktop\PythonProject\tests\pixsee_settings_test.py", line 73, in setUp
    raise e
  File "C:\Users\JPR68\Desktop\PythonProject\tests\pixsee_settings_test.py", line 69, in setUp
    baby_monitor_page.click_home()
    ~~~~~~~~~~~~~~~~~~~~~~~~~~~~^^
  File "C:\Users\JPR68\Desktop\PythonProject\pages\baby_monitor_page.py", line 143, in click_home
    WebDriverWait(self.driver, base.wait_time).until(
    ~~~~~~~~~~~~~~~~~~~~~~~~~~~~~~~~~~~~~~~~~~~~~~~~^
        EC.presence_of_element_located((AppiumBy.ID, self.homeButton))
        ^^^^^^^^^^^^^^^^^^^^^^^^^^^^^^^^^^^^^^^^^^^^^^^^^^^^^^^^^^^^^^
    )
    ^
  File "C:\Users\JPR68\scoop\apps\python\current\Lib\site-packages\selenium\webdriver\support\wait.py", line 138, in until
    raise TimeoutException(message, screen, stacktrace)
selenium.common.exceptions.TimeoutException: Message: 
Stacktrace:
NoSuchElementError: An element could not be located on the page using the given search parameters.
    at AndroidUiautomator2Driver.findElOrEls (C:\Users\JPR68\.appium\node_modules\appium-uiautomator2-driver\node_modules\appium-android-driver\lib\commands\find.ts:86:11)
    at processTicksAndRejections (node:internal/process/task_queues:105:5)
    at AndroidUiautomator2Driver.findElOrElsWithProcessing (C:\Users\JPR68\scoop\persist\nodejs\bin\node_modules\appium\node_modules\@appium\base-driver\lib\basedriver\commands\find.ts:60:12)
    at AndroidUiautomator2Driver.findElement (C:\Users\JPR68\scoop\persist\nodejs\bin\node_modules\appium\node_modules\@appium\base-driver\lib\basedriver\commands\find.ts:75:12)
</pre>
        </blockquote>
    </div>
    </td>
</tr>

<tr id='ft34.2' class=''>
    <td class='errorCase'><div class='testcase'>test_02_enter_wifi_settings</div></td>
    <td>
    <a onfocus='this.blur();' data-toggle="collapse" href="javascript:showTestDetail('div_ft34.2')">
        错误</a>
    </td>
    <td colspan='5'>
    <div id='div_ft34.2' class="collapse in">
        <blockquote class="layui-elem-quote">
            <pre>ft34.2: Finish opening app.
Test failed with exception: Message: 
Stacktrace:
NoSuchElementError: An element could not be located on the page using the given search parameters.
    at AndroidUiautomator2Driver.findElOrEls (C:\Users\JPR68\.appium\node_modules\appium-uiautomator2-driver\node_modules\appium-android-driver\lib\commands\find.ts:86:11)
    at processTicksAndRejections (node:internal/process/task_queues:105:5)
    at AndroidUiautomator2Driver.findElOrElsWithProcessing (C:\Users\JPR68\scoop\persist\nodejs\bin\node_modules\appium\node_modules\@appium\base-driver\lib\basedriver\commands\find.ts:60:12)
    at AndroidUiautomator2Driver.findElement (C:\Users\JPR68\scoop\persist\nodejs\bin\node_modules\appium\node_modules\@appium\base-driver\lib\basedriver\commands\find.ts:75:12)
Traceback (most recent call last):
  File "C:\Users\JPR68\Desktop\PythonProject\tests\pixsee_settings_test.py", line 73, in setUp
    raise e
  File "C:\Users\JPR68\Desktop\PythonProject\tests\pixsee_settings_test.py", line 69, in setUp
    baby_monitor_page.click_home()
    ~~~~~~~~~~~~~~~~~~~~~~~~~~~~^^
  File "C:\Users\JPR68\Desktop\PythonProject\pages\baby_monitor_page.py", line 143, in click_home
    WebDriverWait(self.driver, base.wait_time).until(
    ~~~~~~~~~~~~~~~~~~~~~~~~~~~~~~~~~~~~~~~~~~~~~~~~^
        EC.presence_of_element_located((AppiumBy.ID, self.homeButton))
        ^^^^^^^^^^^^^^^^^^^^^^^^^^^^^^^^^^^^^^^^^^^^^^^^^^^^^^^^^^^^^^
    )
    ^
  File "C:\Users\JPR68\scoop\apps\python\current\Lib\site-packages\selenium\webdriver\support\wait.py", line 138, in until
    raise TimeoutException(message, screen, stacktrace)
selenium.common.exceptions.TimeoutException: Message: 
Stacktrace:
NoSuchElementError: An element could not be located on the page using the given search parameters.
    at AndroidUiautomator2Driver.findElOrEls (C:\Users\JPR68\.appium\node_modules\appium-uiautomator2-driver\node_modules\appium-android-driver\lib\commands\find.ts:86:11)
    at processTicksAndRejections (node:internal/process/task_queues:105:5)
    at AndroidUiautomator2Driver.findElOrElsWithProcessing (C:\Users\JPR68\scoop\persist\nodejs\bin\node_modules\appium\node_modules\@appium\base-driver\lib\basedriver\commands\find.ts:60:12)
    at AndroidUiautomator2Driver.findElement (C:\Users\JPR68\scoop\persist\nodejs\bin\node_modules\appium\node_modules\@appium\base-driver\lib\basedriver\commands\find.ts:75:12)
</pre>
        </blockquote>
    </div>
    </td>
</tr>

<tr id='ft34.3' class=''>
    <td class='errorCase'><div class='testcase'>test_03_enter_pixsee_friends_detection</div></td>
    <td>
    <a onfocus='this.blur();' data-toggle="collapse" href="javascript:showTestDetail('div_ft34.3')">
        错误</a>
    </td>
    <td colspan='5'>
    <div id='div_ft34.3' class="collapse in">
        <blockquote class="layui-elem-quote">
            <pre>ft34.3: Finish opening app.
Test failed with exception: Message: 
Stacktrace:
NoSuchElementError: An element could not be located on the page using the given search parameters.
    at AndroidUiautomator2Driver.findElOrEls (C:\Users\JPR68\.appium\node_modules\appium-uiautomator2-driver\node_modules\appium-android-driver\lib\commands\find.ts:86:11)
    at processTicksAndRejections (node:internal/process/task_queues:105:5)
    at AndroidUiautomator2Driver.findElOrElsWithProcessing (C:\Users\JPR68\scoop\persist\nodejs\bin\node_modules\appium\node_modules\@appium\base-driver\lib\basedriver\commands\find.ts:60:12)
    at AndroidUiautomator2Driver.findElement (C:\Users\JPR68\scoop\persist\nodejs\bin\node_modules\appium\node_modules\@appium\base-driver\lib\basedriver\commands\find.ts:75:12)
Traceback (most recent call last):
  File "C:\Users\JPR68\Desktop\PythonProject\tests\pixsee_settings_test.py", line 73, in setUp
    raise e
  File "C:\Users\JPR68\Desktop\PythonProject\tests\pixsee_settings_test.py", line 69, in setUp
    baby_monitor_page.click_home()
    ~~~~~~~~~~~~~~~~~~~~~~~~~~~~^^
  File "C:\Users\JPR68\Desktop\PythonProject\pages\baby_monitor_page.py", line 143, in click_home
    WebDriverWait(self.driver, base.wait_time).until(
    ~~~~~~~~~~~~~~~~~~~~~~~~~~~~~~~~~~~~~~~~~~~~~~~~^
        EC.presence_of_element_located((AppiumBy.ID, self.homeButton))
        ^^^^^^^^^^^^^^^^^^^^^^^^^^^^^^^^^^^^^^^^^^^^^^^^^^^^^^^^^^^^^^
    )
    ^
  File "C:\Users\JPR68\scoop\apps\python\current\Lib\site-packages\selenium\webdriver\support\wait.py", line 138, in until
    raise TimeoutException(message, screen, stacktrace)
selenium.common.exceptions.TimeoutException: Message: 
Stacktrace:
NoSuchElementError: An element could not be located on the page using the given search parameters.
    at AndroidUiautomator2Driver.findElOrEls (C:\Users\JPR68\.appium\node_modules\appium-uiautomator2-driver\node_modules\appium-android-driver\lib\commands\find.ts:86:11)
    at processTicksAndRejections (node:internal/process/task_queues:105:5)
    at AndroidUiautomator2Driver.findElOrElsWithProcessing (C:\Users\JPR68\scoop\persist\nodejs\bin\node_modules\appium\node_modules\@appium\base-driver\lib\basedriver\commands\find.ts:60:12)
    at AndroidUiautomator2Driver.findElement (C:\Users\JPR68\scoop\persist\nodejs\bin\node_modules\appium\node_modules\@appium\base-driver\lib\basedriver\commands\find.ts:75:12)
</pre>
        </blockquote>
    </div>
    </td>
</tr>

<tr id='ft34.4' class=''>
    <td class='errorCase'><div class='testcase'>test_04_enter_environment_settings</div></td>
    <td>
    <a onfocus='this.blur();' data-toggle="collapse" href="javascript:showTestDetail('div_ft34.4')">
        错误</a>
    </td>
    <td colspan='5'>
    <div id='div_ft34.4' class="collapse in">
        <blockquote class="layui-elem-quote">
            <pre>ft34.4: Finish opening app.
Test failed with exception: Message: 
Stacktrace:
NoSuchElementError: An element could not be located on the page using the given search parameters.
    at AndroidUiautomator2Driver.findElOrEls (C:\Users\JPR68\.appium\node_modules\appium-uiautomator2-driver\node_modules\appium-android-driver\lib\commands\find.ts:86:11)
    at processTicksAndRejections (node:internal/process/task_queues:105:5)
    at AndroidUiautomator2Driver.findElOrElsWithProcessing (C:\Users\JPR68\scoop\persist\nodejs\bin\node_modules\appium\node_modules\@appium\base-driver\lib\basedriver\commands\find.ts:60:12)
    at AndroidUiautomator2Driver.findElement (C:\Users\JPR68\scoop\persist\nodejs\bin\node_modules\appium\node_modules\@appium\base-driver\lib\basedriver\commands\find.ts:75:12)
Traceback (most recent call last):
  File "C:\Users\JPR68\Desktop\PythonProject\tests\pixsee_settings_test.py", line 73, in setUp
    raise e
  File "C:\Users\JPR68\Desktop\PythonProject\tests\pixsee_settings_test.py", line 69, in setUp
    baby_monitor_page.click_home()
    ~~~~~~~~~~~~~~~~~~~~~~~~~~~~^^
  File "C:\Users\JPR68\Desktop\PythonProject\pages\baby_monitor_page.py", line 143, in click_home
    WebDriverWait(self.driver, base.wait_time).until(
    ~~~~~~~~~~~~~~~~~~~~~~~~~~~~~~~~~~~~~~~~~~~~~~~~^
        EC.presence_of_element_located((AppiumBy.ID, self.homeButton))
        ^^^^^^^^^^^^^^^^^^^^^^^^^^^^^^^^^^^^^^^^^^^^^^^^^^^^^^^^^^^^^^
    )
    ^
  File "C:\Users\JPR68\scoop\apps\python\current\Lib\site-packages\selenium\webdriver\support\wait.py", line 138, in until
    raise TimeoutException(message, screen, stacktrace)
selenium.common.exceptions.TimeoutException: Message: 
Stacktrace:
NoSuchElementError: An element could not be located on the page using the given search parameters.
    at AndroidUiautomator2Driver.findElOrEls (C:\Users\JPR68\.appium\node_modules\appium-uiautomator2-driver\node_modules\appium-android-driver\lib\commands\find.ts:86:11)
    at processTicksAndRejections (node:internal/process/task_queues:105:5)
    at AndroidUiautomator2Driver.findElOrElsWithProcessing (C:\Users\JPR68\scoop\persist\nodejs\bin\node_modules\appium\node_modules\@appium\base-driver\lib\basedriver\commands\find.ts:60:12)
    at AndroidUiautomator2Driver.findElement (C:\Users\JPR68\scoop\persist\nodejs\bin\node_modules\appium\node_modules\@appium\base-driver\lib\basedriver\commands\find.ts:75:12)
</pre>
        </blockquote>
    </div>
    </td>
</tr>

<tr id='ft34.5' class=''>
    <td class='errorCase'><div class='testcase'>test_05_enter_cry_detection</div></td>
    <td>
    <a onfocus='this.blur();' data-toggle="collapse" href="javascript:showTestDetail('div_ft34.5')">
        错误</a>
    </td>
    <td colspan='5'>
    <div id='div_ft34.5' class="collapse in">
        <blockquote class="layui-elem-quote">
            <pre>ft34.5: Finish opening app.
Test failed with exception: Message: 
Stacktrace:
NoSuchElementError: An element could not be located on the page using the given search parameters.
    at AndroidUiautomator2Driver.findElOrEls (C:\Users\JPR68\.appium\node_modules\appium-uiautomator2-driver\node_modules\appium-android-driver\lib\commands\find.ts:86:11)
    at processTicksAndRejections (node:internal/process/task_queues:105:5)
    at AndroidUiautomator2Driver.findElOrElsWithProcessing (C:\Users\JPR68\scoop\persist\nodejs\bin\node_modules\appium\node_modules\@appium\base-driver\lib\basedriver\commands\find.ts:60:12)
    at AndroidUiautomator2Driver.findElement (C:\Users\JPR68\scoop\persist\nodejs\bin\node_modules\appium\node_modules\@appium\base-driver\lib\basedriver\commands\find.ts:75:12)
Traceback (most recent call last):
  File "C:\Users\JPR68\Desktop\PythonProject\tests\pixsee_settings_test.py", line 73, in setUp
    raise e
  File "C:\Users\JPR68\Desktop\PythonProject\tests\pixsee_settings_test.py", line 69, in setUp
    baby_monitor_page.click_home()
    ~~~~~~~~~~~~~~~~~~~~~~~~~~~~^^
  File "C:\Users\JPR68\Desktop\PythonProject\pages\baby_monitor_page.py", line 143, in click_home
    WebDriverWait(self.driver, base.wait_time).until(
    ~~~~~~~~~~~~~~~~~~~~~~~~~~~~~~~~~~~~~~~~~~~~~~~~^
        EC.presence_of_element_located((AppiumBy.ID, self.homeButton))
        ^^^^^^^^^^^^^^^^^^^^^^^^^^^^^^^^^^^^^^^^^^^^^^^^^^^^^^^^^^^^^^
    )
    ^
  File "C:\Users\JPR68\scoop\apps\python\current\Lib\site-packages\selenium\webdriver\support\wait.py", line 138, in until
    raise TimeoutException(message, screen, stacktrace)
selenium.common.exceptions.TimeoutException: Message: 
Stacktrace:
NoSuchElementError: An element could not be located on the page using the given search parameters.
    at AndroidUiautomator2Driver.findElOrEls (C:\Users\JPR68\.appium\node_modules\appium-uiautomator2-driver\node_modules\appium-android-driver\lib\commands\find.ts:86:11)
    at processTicksAndRejections (node:internal/process/task_queues:105:5)
    at AndroidUiautomator2Driver.findElOrElsWithProcessing (C:\Users\JPR68\scoop\persist\nodejs\bin\node_modules\appium\node_modules\@appium\base-driver\lib\basedriver\commands\find.ts:60:12)
    at AndroidUiautomator2Driver.findElement (C:\Users\JPR68\scoop\persist\nodejs\bin\node_modules\appium\node_modules\@appium\base-driver\lib\basedriver\commands\find.ts:75:12)
</pre>
        </blockquote>
    </div>
    </td>
</tr>

<tr id='ft34.6' class=''>
    <td class='errorCase'><div class='testcase'>test_06_enter_area_detection</div></td>
    <td>
    <a onfocus='this.blur();' data-toggle="collapse" href="javascript:showTestDetail('div_ft34.6')">
        错误</a>
    </td>
    <td colspan='5'>
    <div id='div_ft34.6' class="collapse in">
        <blockquote class="layui-elem-quote">
            <pre>ft34.6: Finish opening app.
Test failed with exception: Message: 
Stacktrace:
NoSuchElementError: An element could not be located on the page using the given search parameters.
    at AndroidUiautomator2Driver.findElOrEls (C:\Users\JPR68\.appium\node_modules\appium-uiautomator2-driver\node_modules\appium-android-driver\lib\commands\find.ts:86:11)
    at processTicksAndRejections (node:internal/process/task_queues:105:5)
    at AndroidUiautomator2Driver.findElOrElsWithProcessing (C:\Users\JPR68\scoop\persist\nodejs\bin\node_modules\appium\node_modules\@appium\base-driver\lib\basedriver\commands\find.ts:60:12)
    at AndroidUiautomator2Driver.findElement (C:\Users\JPR68\scoop\persist\nodejs\bin\node_modules\appium\node_modules\@appium\base-driver\lib\basedriver\commands\find.ts:75:12)
Traceback (most recent call last):
  File "C:\Users\JPR68\Desktop\PythonProject\tests\pixsee_settings_test.py", line 73, in setUp
    raise e
  File "C:\Users\JPR68\Desktop\PythonProject\tests\pixsee_settings_test.py", line 69, in setUp
    baby_monitor_page.click_home()
    ~~~~~~~~~~~~~~~~~~~~~~~~~~~~^^
  File "C:\Users\JPR68\Desktop\PythonProject\pages\baby_monitor_page.py", line 143, in click_home
    WebDriverWait(self.driver, base.wait_time).until(
    ~~~~~~~~~~~~~~~~~~~~~~~~~~~~~~~~~~~~~~~~~~~~~~~~^
        EC.presence_of_element_located((AppiumBy.ID, self.homeButton))
        ^^^^^^^^^^^^^^^^^^^^^^^^^^^^^^^^^^^^^^^^^^^^^^^^^^^^^^^^^^^^^^
    )
    ^
  File "C:\Users\JPR68\scoop\apps\python\current\Lib\site-packages\selenium\webdriver\support\wait.py", line 138, in until
    raise TimeoutException(message, screen, stacktrace)
selenium.common.exceptions.TimeoutException: Message: 
Stacktrace:
NoSuchElementError: An element could not be located on the page using the given search parameters.
    at AndroidUiautomator2Driver.findElOrEls (C:\Users\JPR68\.appium\node_modules\appium-uiautomator2-driver\node_modules\appium-android-driver\lib\commands\find.ts:86:11)
    at processTicksAndRejections (node:internal/process/task_queues:105:5)
    at AndroidUiautomator2Driver.findElOrElsWithProcessing (C:\Users\JPR68\scoop\persist\nodejs\bin\node_modules\appium\node_modules\@appium\base-driver\lib\basedriver\commands\find.ts:60:12)
    at AndroidUiautomator2Driver.findElement (C:\Users\JPR68\scoop\persist\nodejs\bin\node_modules\appium\node_modules\@appium\base-driver\lib\basedriver\commands\find.ts:75:12)
</pre>
        </blockquote>
    </div>
    </td>
</tr>

<tr id='ft34.7' class=''>
    <td class='errorCase'><div class='testcase'>test_07_enter_covered_face_detection</div></td>
    <td>
    <a onfocus='this.blur();' data-toggle="collapse" href="javascript:showTestDetail('div_ft34.7')">
        错误</a>
    </td>
    <td colspan='5'>
    <div id='div_ft34.7' class="collapse in">
        <blockquote class="layui-elem-quote">
            <pre>ft34.7: Finish opening app.
Test failed with exception: Message: 
Stacktrace:
NoSuchElementError: An element could not be located on the page using the given search parameters.
    at AndroidUiautomator2Driver.findElOrEls (C:\Users\JPR68\.appium\node_modules\appium-uiautomator2-driver\node_modules\appium-android-driver\lib\commands\find.ts:86:11)
    at processTicksAndRejections (node:internal/process/task_queues:105:5)
    at AndroidUiautomator2Driver.findElOrElsWithProcessing (C:\Users\JPR68\scoop\persist\nodejs\bin\node_modules\appium\node_modules\@appium\base-driver\lib\basedriver\commands\find.ts:60:12)
    at AndroidUiautomator2Driver.findElement (C:\Users\JPR68\scoop\persist\nodejs\bin\node_modules\appium\node_modules\@appium\base-driver\lib\basedriver\commands\find.ts:75:12)
Traceback (most recent call last):
  File "C:\Users\JPR68\Desktop\PythonProject\tests\pixsee_settings_test.py", line 73, in setUp
    raise e
  File "C:\Users\JPR68\Desktop\PythonProject\tests\pixsee_settings_test.py", line 69, in setUp
    baby_monitor_page.click_home()
    ~~~~~~~~~~~~~~~~~~~~~~~~~~~~^^
  File "C:\Users\JPR68\Desktop\PythonProject\pages\baby_monitor_page.py", line 143, in click_home
    WebDriverWait(self.driver, base.wait_time).until(
    ~~~~~~~~~~~~~~~~~~~~~~~~~~~~~~~~~~~~~~~~~~~~~~~~^
        EC.presence_of_element_located((AppiumBy.ID, self.homeButton))
        ^^^^^^^^^^^^^^^^^^^^^^^^^^^^^^^^^^^^^^^^^^^^^^^^^^^^^^^^^^^^^^
    )
    ^
  File "C:\Users\JPR68\scoop\apps\python\current\Lib\site-packages\selenium\webdriver\support\wait.py", line 138, in until
    raise TimeoutException(message, screen, stacktrace)
selenium.common.exceptions.TimeoutException: Message: 
Stacktrace:
NoSuchElementError: An element could not be located on the page using the given search parameters.
    at AndroidUiautomator2Driver.findElOrEls (C:\Users\JPR68\.appium\node_modules\appium-uiautomator2-driver\node_modules\appium-android-driver\lib\commands\find.ts:86:11)
    at processTicksAndRejections (node:internal/process/task_queues:105:5)
    at AndroidUiautomator2Driver.findElOrElsWithProcessing (C:\Users\JPR68\scoop\persist\nodejs\bin\node_modules\appium\node_modules\@appium\base-driver\lib\basedriver\commands\find.ts:60:12)
    at AndroidUiautomator2Driver.findElement (C:\Users\JPR68\scoop\persist\nodejs\bin\node_modules\appium\node_modules\@appium\base-driver\lib\basedriver\commands\find.ts:75:12)
</pre>
        </blockquote>
    </div>
    </td>
</tr>

<tr id='ft34.8' class=''>
    <td class='errorCase'><div class='testcase'>test_08_enter_timelapse_video</div></td>
    <td>
    <a onfocus='this.blur();' data-toggle="collapse" href="javascript:showTestDetail('div_ft34.8')">
        错误</a>
    </td>
    <td colspan='5'>
    <div id='div_ft34.8' class="collapse in">
        <blockquote class="layui-elem-quote">
            <pre>ft34.8: Finish opening app.
Test failed with exception: Message: 
Stacktrace:
NoSuchElementError: An element could not be located on the page using the given search parameters.
    at AndroidUiautomator2Driver.findElOrEls (C:\Users\JPR68\.appium\node_modules\appium-uiautomator2-driver\node_modules\appium-android-driver\lib\commands\find.ts:86:11)
    at processTicksAndRejections (node:internal/process/task_queues:105:5)
    at AndroidUiautomator2Driver.findElOrElsWithProcessing (C:\Users\JPR68\scoop\persist\nodejs\bin\node_modules\appium\node_modules\@appium\base-driver\lib\basedriver\commands\find.ts:60:12)
    at AndroidUiautomator2Driver.findElement (C:\Users\JPR68\scoop\persist\nodejs\bin\node_modules\appium\node_modules\@appium\base-driver\lib\basedriver\commands\find.ts:75:12)
Traceback (most recent call last):
  File "C:\Users\JPR68\Desktop\PythonProject\tests\pixsee_settings_test.py", line 73, in setUp
    raise e
  File "C:\Users\JPR68\Desktop\PythonProject\tests\pixsee_settings_test.py", line 69, in setUp
    baby_monitor_page.click_home()
    ~~~~~~~~~~~~~~~~~~~~~~~~~~~~^^
  File "C:\Users\JPR68\Desktop\PythonProject\pages\baby_monitor_page.py", line 143, in click_home
    WebDriverWait(self.driver, base.wait_time).until(
    ~~~~~~~~~~~~~~~~~~~~~~~~~~~~~~~~~~~~~~~~~~~~~~~~^
        EC.presence_of_element_located((AppiumBy.ID, self.homeButton))
        ^^^^^^^^^^^^^^^^^^^^^^^^^^^^^^^^^^^^^^^^^^^^^^^^^^^^^^^^^^^^^^
    )
    ^
  File "C:\Users\JPR68\scoop\apps\python\current\Lib\site-packages\selenium\webdriver\support\wait.py", line 138, in until
    raise TimeoutException(message, screen, stacktrace)
selenium.common.exceptions.TimeoutException: Message: 
Stacktrace:
NoSuchElementError: An element could not be located on the page using the given search parameters.
    at AndroidUiautomator2Driver.findElOrEls (C:\Users\JPR68\.appium\node_modules\appium-uiautomator2-driver\node_modules\appium-android-driver\lib\commands\find.ts:86:11)
    at processTicksAndRejections (node:internal/process/task_queues:105:5)
    at AndroidUiautomator2Driver.findElOrElsWithProcessing (C:\Users\JPR68\scoop\persist\nodejs\bin\node_modules\appium\node_modules\@appium\base-driver\lib\basedriver\commands\find.ts:60:12)
    at AndroidUiautomator2Driver.findElement (C:\Users\JPR68\scoop\persist\nodejs\bin\node_modules\appium\node_modules\@appium\base-driver\lib\basedriver\commands\find.ts:75:12)
</pre>
        </blockquote>
    </div>
    </td>
</tr>

<tr id='ft34.9' class=''>
    <td class='errorCase'><div class='testcase'>test_09_enter_voice_service</div></td>
    <td>
    <a onfocus='this.blur();' data-toggle="collapse" href="javascript:showTestDetail('div_ft34.9')">
        错误</a>
    </td>
    <td colspan='5'>
    <div id='div_ft34.9' class="collapse in">
        <blockquote class="layui-elem-quote">
            <pre>ft34.9: Finish opening app.
Test failed with exception: Message: 
Stacktrace:
NoSuchElementError: An element could not be located on the page using the given search parameters.
    at AndroidUiautomator2Driver.findElOrEls (C:\Users\JPR68\.appium\node_modules\appium-uiautomator2-driver\node_modules\appium-android-driver\lib\commands\find.ts:86:11)
    at processTicksAndRejections (node:internal/process/task_queues:105:5)
    at AndroidUiautomator2Driver.findElOrElsWithProcessing (C:\Users\JPR68\scoop\persist\nodejs\bin\node_modules\appium\node_modules\@appium\base-driver\lib\basedriver\commands\find.ts:60:12)
    at AndroidUiautomator2Driver.findElement (C:\Users\JPR68\scoop\persist\nodejs\bin\node_modules\appium\node_modules\@appium\base-driver\lib\basedriver\commands\find.ts:75:12)
Traceback (most recent call last):
  File "C:\Users\JPR68\Desktop\PythonProject\tests\pixsee_settings_test.py", line 73, in setUp
    raise e
  File "C:\Users\JPR68\Desktop\PythonProject\tests\pixsee_settings_test.py", line 69, in setUp
    baby_monitor_page.click_home()
    ~~~~~~~~~~~~~~~~~~~~~~~~~~~~^^
  File "C:\Users\JPR68\Desktop\PythonProject\pages\baby_monitor_page.py", line 143, in click_home
    WebDriverWait(self.driver, base.wait_time).until(
    ~~~~~~~~~~~~~~~~~~~~~~~~~~~~~~~~~~~~~~~~~~~~~~~~^
        EC.presence_of_element_located((AppiumBy.ID, self.homeButton))
        ^^^^^^^^^^^^^^^^^^^^^^^^^^^^^^^^^^^^^^^^^^^^^^^^^^^^^^^^^^^^^^
    )
    ^
  File "C:\Users\JPR68\scoop\apps\python\current\Lib\site-packages\selenium\webdriver\support\wait.py", line 138, in until
    raise TimeoutException(message, screen, stacktrace)
selenium.common.exceptions.TimeoutException: Message: 
Stacktrace:
NoSuchElementError: An element could not be located on the page using the given search parameters.
    at AndroidUiautomator2Driver.findElOrEls (C:\Users\JPR68\.appium\node_modules\appium-uiautomator2-driver\node_modules\appium-android-driver\lib\commands\find.ts:86:11)
    at processTicksAndRejections (node:internal/process/task_queues:105:5)
    at AndroidUiautomator2Driver.findElOrElsWithProcessing (C:\Users\JPR68\scoop\persist\nodejs\bin\node_modules\appium\node_modules\@appium\base-driver\lib\basedriver\commands\find.ts:60:12)
    at AndroidUiautomator2Driver.findElement (C:\Users\JPR68\scoop\persist\nodejs\bin\node_modules\appium\node_modules\@appium\base-driver\lib\basedriver\commands\find.ts:75:12)
</pre>
        </blockquote>
    </div>
    </td>
</tr>

<tr id='ft34.10' class=''>
    <td class='errorCase'><div class='testcase'>test_10_pixsee_settings</div></td>
    <td>
    <a onfocus='this.blur();' data-toggle="collapse" href="javascript:showTestDetail('div_ft34.10')">
        错误</a>
    </td>
    <td colspan='5'>
    <div id='div_ft34.10' class="collapse in">
        <blockquote class="layui-elem-quote">
            <pre>ft34.10: Finish opening app.
Test failed with exception: Message: 
Stacktrace:
NoSuchElementError: An element could not be located on the page using the given search parameters.
    at AndroidUiautomator2Driver.findElOrEls (C:\Users\JPR68\.appium\node_modules\appium-uiautomator2-driver\node_modules\appium-android-driver\lib\commands\find.ts:86:11)
    at processTicksAndRejections (node:internal/process/task_queues:105:5)
    at AndroidUiautomator2Driver.findElOrElsWithProcessing (C:\Users\JPR68\scoop\persist\nodejs\bin\node_modules\appium\node_modules\@appium\base-driver\lib\basedriver\commands\find.ts:60:12)
    at AndroidUiautomator2Driver.findElement (C:\Users\JPR68\scoop\persist\nodejs\bin\node_modules\appium\node_modules\@appium\base-driver\lib\basedriver\commands\find.ts:75:12)
Traceback (most recent call last):
  File "C:\Users\JPR68\Desktop\PythonProject\tests\pixsee_settings_test.py", line 73, in setUp
    raise e
  File "C:\Users\JPR68\Desktop\PythonProject\tests\pixsee_settings_test.py", line 69, in setUp
    baby_monitor_page.click_home()
    ~~~~~~~~~~~~~~~~~~~~~~~~~~~~^^
  File "C:\Users\JPR68\Desktop\PythonProject\pages\baby_monitor_page.py", line 143, in click_home
    WebDriverWait(self.driver, base.wait_time).until(
    ~~~~~~~~~~~~~~~~~~~~~~~~~~~~~~~~~~~~~~~~~~~~~~~~^
        EC.presence_of_element_located((AppiumBy.ID, self.homeButton))
        ^^^^^^^^^^^^^^^^^^^^^^^^^^^^^^^^^^^^^^^^^^^^^^^^^^^^^^^^^^^^^^
    )
    ^
  File "C:\Users\JPR68\scoop\apps\python\current\Lib\site-packages\selenium\webdriver\support\wait.py", line 138, in until
    raise TimeoutException(message, screen, stacktrace)
selenium.common.exceptions.TimeoutException: Message: 
Stacktrace:
NoSuchElementError: An element could not be located on the page using the given search parameters.
    at AndroidUiautomator2Driver.findElOrEls (C:\Users\JPR68\.appium\node_modules\appium-uiautomator2-driver\node_modules\appium-android-driver\lib\commands\find.ts:86:11)
    at processTicksAndRejections (node:internal/process/task_queues:105:5)
    at AndroidUiautomator2Driver.findElOrElsWithProcessing (C:\Users\JPR68\scoop\persist\nodejs\bin\node_modules\appium\node_modules\@appium\base-driver\lib\basedriver\commands\find.ts:60:12)
    at AndroidUiautomator2Driver.findElement (C:\Users\JPR68\scoop\persist\nodejs\bin\node_modules\appium\node_modules\@appium\base-driver\lib\basedriver\commands\find.ts:75:12)
</pre>
        </blockquote>
    </div>
    </td>
</tr>

<tr id='ft34.11' class=''>
    <td class='errorCase'><div class='testcase'>test_11_shutter_sound</div></td>
    <td>
    <a onfocus='this.blur();' data-toggle="collapse" href="javascript:showTestDetail('div_ft34.11')">
        错误</a>
    </td>
    <td colspan='5'>
    <div id='div_ft34.11' class="collapse in">
        <blockquote class="layui-elem-quote">
            <pre>ft34.11: Finish opening app.
Test failed with exception: Message: 
Stacktrace:
NoSuchElementError: An element could not be located on the page using the given search parameters.
    at AndroidUiautomator2Driver.findElOrEls (C:\Users\JPR68\.appium\node_modules\appium-uiautomator2-driver\node_modules\appium-android-driver\lib\commands\find.ts:86:11)
    at processTicksAndRejections (node:internal/process/task_queues:105:5)
    at AndroidUiautomator2Driver.findElOrElsWithProcessing (C:\Users\JPR68\scoop\persist\nodejs\bin\node_modules\appium\node_modules\@appium\base-driver\lib\basedriver\commands\find.ts:60:12)
    at AndroidUiautomator2Driver.findElement (C:\Users\JPR68\scoop\persist\nodejs\bin\node_modules\appium\node_modules\@appium\base-driver\lib\basedriver\commands\find.ts:75:12)
Traceback (most recent call last):
  File "C:\Users\JPR68\Desktop\PythonProject\tests\pixsee_settings_test.py", line 73, in setUp
    raise e
  File "C:\Users\JPR68\Desktop\PythonProject\tests\pixsee_settings_test.py", line 69, in setUp
    baby_monitor_page.click_home()
    ~~~~~~~~~~~~~~~~~~~~~~~~~~~~^^
  File "C:\Users\JPR68\Desktop\PythonProject\pages\baby_monitor_page.py", line 143, in click_home
    WebDriverWait(self.driver, base.wait_time).until(
    ~~~~~~~~~~~~~~~~~~~~~~~~~~~~~~~~~~~~~~~~~~~~~~~~^
        EC.presence_of_element_located((AppiumBy.ID, self.homeButton))
        ^^^^^^^^^^^^^^^^^^^^^^^^^^^^^^^^^^^^^^^^^^^^^^^^^^^^^^^^^^^^^^
    )
    ^
  File "C:\Users\JPR68\scoop\apps\python\current\Lib\site-packages\selenium\webdriver\support\wait.py", line 138, in until
    raise TimeoutException(message, screen, stacktrace)
selenium.common.exceptions.TimeoutException: Message: 
Stacktrace:
NoSuchElementError: An element could not be located on the page using the given search parameters.
    at AndroidUiautomator2Driver.findElOrEls (C:\Users\JPR68\.appium\node_modules\appium-uiautomator2-driver\node_modules\appium-android-driver\lib\commands\find.ts:86:11)
    at processTicksAndRejections (node:internal/process/task_queues:105:5)
    at AndroidUiautomator2Driver.findElOrElsWithProcessing (C:\Users\JPR68\scoop\persist\nodejs\bin\node_modules\appium\node_modules\@appium\base-driver\lib\basedriver\commands\find.ts:60:12)
    at AndroidUiautomator2Driver.findElement (C:\Users\JPR68\scoop\persist\nodejs\bin\node_modules\appium\node_modules\@appium\base-driver\lib\basedriver\commands\find.ts:75:12)
</pre>
        </blockquote>
    </div>
    </td>
</tr>

<tr id='ft34.12' class=''>
    <td class='errorCase'><div class='testcase'>test_12_LED_indicator</div></td>
    <td>
    <a onfocus='this.blur();' data-toggle="collapse" href="javascript:showTestDetail('div_ft34.12')">
        错误</a>
    </td>
    <td colspan='5'>
    <div id='div_ft34.12' class="collapse in">
        <blockquote class="layui-elem-quote">
            <pre>ft34.12: Finish opening app.
Test failed with exception: Message: 
Stacktrace:
NoSuchElementError: An element could not be located on the page using the given search parameters.
    at AndroidUiautomator2Driver.findElOrEls (C:\Users\JPR68\.appium\node_modules\appium-uiautomator2-driver\node_modules\appium-android-driver\lib\commands\find.ts:86:11)
    at processTicksAndRejections (node:internal/process/task_queues:105:5)
    at AndroidUiautomator2Driver.findElOrElsWithProcessing (C:\Users\JPR68\scoop\persist\nodejs\bin\node_modules\appium\node_modules\@appium\base-driver\lib\basedriver\commands\find.ts:60:12)
    at AndroidUiautomator2Driver.findElement (C:\Users\JPR68\scoop\persist\nodejs\bin\node_modules\appium\node_modules\@appium\base-driver\lib\basedriver\commands\find.ts:75:12)
Traceback (most recent call last):
  File "C:\Users\JPR68\Desktop\PythonProject\tests\pixsee_settings_test.py", line 73, in setUp
    raise e
  File "C:\Users\JPR68\Desktop\PythonProject\tests\pixsee_settings_test.py", line 70, in setUp
    menu_page.click_settings()
    ~~~~~~~~~~~~~~~~~~~~~~~~^^
  File "C:\Users\JPR68\Desktop\PythonProject\pages\menu_pages\menu_page.py", line 92, in click_settings
    WebDriverWait(self.driver, base.wait_time).until(
    ~~~~~~~~~~~~~~~~~~~~~~~~~~~~~~~~~~~~~~~~~~~~~~~~^
    	EC.presence_of_element_located((AppiumBy.ID, self.settingsButton))
     ^^^^^^^^^^^^^^^^^^^^^^^^^^^^^^^^^^^^^^^^^^^^^^^^^^^^^^^^^^^^^^^^^^
    )
    ^
  File "C:\Users\JPR68\scoop\apps\python\current\Lib\site-packages\selenium\webdriver\support\wait.py", line 138, in until
    raise TimeoutException(message, screen, stacktrace)
selenium.common.exceptions.TimeoutException: Message: 
Stacktrace:
NoSuchElementError: An element could not be located on the page using the given search parameters.
    at AndroidUiautomator2Driver.findElOrEls (C:\Users\JPR68\.appium\node_modules\appium-uiautomator2-driver\node_modules\appium-android-driver\lib\commands\find.ts:86:11)
    at processTicksAndRejections (node:internal/process/task_queues:105:5)
    at AndroidUiautomator2Driver.findElOrElsWithProcessing (C:\Users\JPR68\scoop\persist\nodejs\bin\node_modules\appium\node_modules\@appium\base-driver\lib\basedriver\commands\find.ts:60:12)
    at AndroidUiautomator2Driver.findElement (C:\Users\JPR68\scoop\persist\nodejs\bin\node_modules\appium\node_modules\@appium\base-driver\lib\basedriver\commands\find.ts:75:12)
</pre>
        </blockquote>
    </div>
    </td>
</tr>

<tr id='ft34.13' class=''>
    <td class='failCase'><div class='testcase'>test_13_night_mode</div></td>
    <td>
    <a onfocus='this.blur();' data-toggle="collapse" href="javascript:showTestDetail('div_ft34.13')">
        失败</a>
    </td>
    <td colspan='5'>
    <div id='div_ft34.13' class="collapse in">
        <blockquote class="layui-elem-quote">
            <pre>ft34.13: Finish opening app.
Traceback (most recent call last):
  File "C:\Users\JPR68\Desktop\PythonProject\tests\pixsee_settings_test.py", line 385, in test_13_night_mode
    self.assertEqual(pixsee_settings_page.night_mode_text(), hint)
    ~~~~~~~~~~~~~~~~^^^^^^^^^^^^^^^^^^^^^^^^^^^^^^^^^^^^^^^^^^^^^^
AssertionError: None != 'Night mode'

During handling of the above exception, another exception occurred:

Traceback (most recent call last):
  File "C:\Users\JPR68\Desktop\PythonProject\tests\pixsee_settings_test.py", line 388, in test_13_night_mode
    raise AssertionError("Night mode title wrong")
AssertionError: Night mode title wrong
</pre>
        </blockquote>
    </div>
    </td>
</tr>

<tr id='pt34.14' class='hiddenRow'>
    <td class='passCase'><div class='testcase'>test_14_privacy_mode</div></td>
    <td>
    <a onfocus='this.blur();' data-toggle="collapse" href="javascript:showTestDetail('div_pt34.14')">
        通过</a>
    </td>
    <td colspan='5'>
    <div id='div_pt34.14' class="collapse in">
        <blockquote class="layui-elem-quote">
            <pre>pt34.14: Privacy mode title right
Privacy mode description right
Privacy mode switch status changed successfully
[WARNING] test_14_privacy_mode 出現錯誤/失敗，將重啟 driver。
</pre>
        </blockquote>
    </div>
    </td>
</tr>

<tr id='pt34.15' class='hiddenRow'>
    <td class='passCase'><div class='testcase'>test_15_enter_SDcard_status</div></td>
    <td>
    <a onfocus='this.blur();' data-toggle="collapse" href="javascript:showTestDetail('div_pt34.15')">
        通过</a>
    </td>
    <td colspan='5'>
    <div id='div_pt34.15' class="collapse in">
        <blockquote class="layui-elem-quote">
            <pre>pt34.15: SD card status title right
In SD card status page
[WARNING] test_15_enter_SDcard_status 出現錯誤/失敗，將重啟 driver。
</pre>
        </blockquote>
    </div>
    </td>
</tr>

    <tr class='passClass'>
        <td class="text-center">PixseeCloudTest3_en_US</td>
        <td class="text-center">1</td>
        <td class="text-center">1</td>
        <td class="text-center">0</td>
        <td class="text-center">0</td>
        <td class="text-center">0</td>
        <td class="text-center"><button type="button" class="layui-btn layui-btn-xs" onclick="showClassDetail('c35',1)">详细</button></td>
    </tr>

<tr id='pt35.1' class='hiddenRow'>
    <td class='passCase'><div class='testcase'>test_01_pixsee_cloud_page_check_storage</div></td>
    <td>
    <a onfocus='this.blur();' data-toggle="collapse" href="javascript:showTestDetail('div_pt35.1')">
        通过</a>
    </td>
    <td colspan='5'>
    <div id='div_pt35.1' class="collapse in">
        <blockquote class="layui-elem-quote">
            <pre>pt35.1: Finish opening app.
[WARNING] test_01_pixsee_cloud_page_check_storage 出現錯誤/失敗，將重啟 driver。
</pre>
        </blockquote>
    </div>
    </td>
</tr>

    <tr class='passClass'>
        <td class="text-center">PixseeCloudTest4_en_US</td>
        <td class="text-center">2</td>
        <td class="text-center">2</td>
        <td class="text-center">0</td>
        <td class="text-center">0</td>
        <td class="text-center">0</td>
        <td class="text-center"><button type="button" class="layui-btn layui-btn-xs" onclick="showClassDetail('c36',2)">详细</button></td>
    </tr>

<tr id='pt36.1' class='hiddenRow'>
    <td class='passCase'><div class='testcase'>test_02_pixsee_cloud_page_check_all_texts</div></td>
    <td>
    <a onfocus='this.blur();' data-toggle="collapse" href="javascript:showTestDetail('div_pt36.1')">
        通过</a>
    </td>
    <td colspan='5'>
    <div id='div_pt36.1' class="collapse in">
        <blockquote class="layui-elem-quote">
            <pre>pt36.1: [WARNING] test_02_pixsee_cloud_page_check_all_texts 出現錯誤/失敗，將重啟 driver。
</pre>
        </blockquote>
    </div>
    </td>
</tr>

<tr id='pt36.2' class='hiddenRow'>
    <td class='passCase'><div class='testcase'>test_03_pixsee_cloud_page_check_usage_sum</div></td>
    <td>
    <a onfocus='this.blur();' data-toggle="collapse" href="javascript:showTestDetail('div_pt36.2')">
        通过</a>
    </td>
    <td colspan='5'>
    <div id='div_pt36.2' class="collapse in">
        <blockquote class="layui-elem-quote">
            <pre>pt36.2: [WARNING] test_03_pixsee_cloud_page_check_usage_sum 出現錯誤/失敗，將重啟 driver。
</pre>
        </blockquote>
    </div>
    </td>
</tr>

    <tr class='failClass'>
        <td class="text-center">AssistantTest_en_US</td>
        <td class="text-center">6</td>
        <td class="text-center">5</td>
        <td class="text-center">1</td>
        <td class="text-center">0</td>
        <td class="text-center">0</td>
        <td class="text-center"><button type="button" class="layui-btn layui-btn-xs" onclick="showClassDetail('c37',6)">详细</button></td>
    </tr>

<tr id='pt37.1' class='hiddenRow'>
    <td class='passCase'><div class='testcase'>test_01_background_play</div></td>
    <td>
    <a onfocus='this.blur();' data-toggle="collapse" href="javascript:showTestDetail('div_pt37.1')">
        通过</a>
    </td>
    <td colspan='5'>
    <div id='div_pt37.1' class="collapse in">
        <blockquote class="layui-elem-quote">
            <pre>pt37.1: Finish opening app.
[WARNING] test_01_background_play 出現錯誤/失敗，將重啟 driver。
</pre>
        </blockquote>
    </div>
    </td>
</tr>

<tr id='pt37.2' class='hiddenRow'>
    <td class='passCase'><div class='testcase'>test_02_pixsee_cloud</div></td>
    <td>
    <a onfocus='this.blur();' data-toggle="collapse" href="javascript:showTestDetail('div_pt37.2')">
        通过</a>
    </td>
    <td colspan='5'>
    <div id='div_pt37.2' class="collapse in">
        <blockquote class="layui-elem-quote">
            <pre>pt37.2: [WARNING] test_02_pixsee_cloud 出現錯誤/失敗，將重啟 driver。
</pre>
        </blockquote>
    </div>
    </td>
</tr>

<tr id='ft37.3' class=''>
    <td class='failCase'><div class='testcase'>test_03_tutorial</div></td>
    <td>
    <a onfocus='this.blur();' data-toggle="collapse" href="javascript:showTestDetail('div_ft37.3')">
        失败</a>
    </td>
    <td colspan='5'>
    <div id='div_ft37.3' class="collapse in">
        <blockquote class="layui-elem-quote">
            <pre>ft37.3: first tutor indicator displayed
skip display right
Traceback (most recent call last):
  File "C:\Users\JPR68\Desktop\PythonProject\tests\assistant_tests\assistant_test.py", line 142, in test_03_tutorial
    self.assertTrue(baby_monitor_page.is_in_baby_monitor_page())
    ~~~~~~~~~~~~~~~^^^^^^^^^^^^^^^^^^^^^^^^^^^^^^^^^^^^^^^^^^^^^
AssertionError: False is not true

During handling of the above exception, another exception occurred:

Traceback (most recent call last):
  File "C:\Users\JPR68\Desktop\PythonProject\tests\assistant_tests\assistant_test.py", line 145, in test_03_tutorial
    raise AssertionError("skip first tutor unsuccessfully")
AssertionError: skip first tutor unsuccessfully
</pre>
        </blockquote>
    </div>
    </td>
</tr>

<tr id='pt37.4' class='hiddenRow'>
    <td class='passCase'><div class='testcase'>test_04_questions_and_answers</div></td>
    <td>
    <a onfocus='this.blur();' data-toggle="collapse" href="javascript:showTestDetail('div_pt37.4')">
        通过</a>
    </td>
    <td colspan='5'>
    <div id='div_pt37.4' class="collapse in">
        <blockquote class="layui-elem-quote">
            <pre>pt37.4: Finish opening app.
[WARNING] test_04_questions_and_answers 出現錯誤/失敗，將重啟 driver。
</pre>
        </blockquote>
    </div>
    </td>
</tr>

<tr id='pt37.5' class='hiddenRow'>
    <td class='passCase'><div class='testcase'>test_05_contact_us</div></td>
    <td>
    <a onfocus='this.blur();' data-toggle="collapse" href="javascript:showTestDetail('div_pt37.5')">
        通过</a>
    </td>
    <td colspan='5'>
    <div id='div_pt37.5' class="collapse in">
        <blockquote class="layui-elem-quote">
            <pre>pt37.5: [WARNING] test_05_contact_us 出現錯誤/失敗，將重啟 driver。
</pre>
        </blockquote>
    </div>
    </td>
</tr>

<tr id='pt37.6' class='hiddenRow'>
    <td class='passCase'><div class='testcase'>test_06_report_error</div></td>
    <td>
    <a onfocus='this.blur();' data-toggle="collapse" href="javascript:showTestDetail('div_pt37.6')">
        通过</a>
    </td>
    <td colspan='5'>
    <div id='div_pt37.6' class="collapse in">
        <blockquote class="layui-elem-quote">
            <pre>pt37.6: [WARNING] test_06_report_error 出現錯誤/失敗，將重啟 driver。
</pre>
        </blockquote>
    </div>
    </td>
</tr>

    <tr class='failClass'>
        <td class="text-center">AboutTest_en_US</td>
        <td class="text-center">3</td>
        <td class="text-center">2</td>
        <td class="text-center">1</td>
        <td class="text-center">0</td>
        <td class="text-center">0</td>
        <td class="text-center"><button type="button" class="layui-btn layui-btn-xs" onclick="showClassDetail('c38',3)">详细</button></td>
    </tr>

<tr id='pt38.1' class='hiddenRow'>
    <td class='passCase'><div class='testcase'>test_about_pixsee</div></td>
    <td>
    <a onfocus='this.blur();' data-toggle="collapse" href="javascript:showTestDetail('div_pt38.1')">
        通过</a>
    </td>
    <td colspan='5'>
    <div id='div_pt38.1' class="collapse in">
        <blockquote class="layui-elem-quote">
            <pre>pt38.1: [WARNING] test_about_pixsee 出現錯誤/失敗，將重啟 driver。
</pre>
        </blockquote>
    </div>
    </td>
</tr>

<tr id='pt38.2' class='hiddenRow'>
    <td class='passCase'><div class='testcase'>test_privacy_policy</div></td>
    <td>
    <a onfocus='this.blur();' data-toggle="collapse" href="javascript:showTestDetail('div_pt38.2')">
        通过</a>
    </td>
    <td colspan='5'>
    <div id='div_pt38.2' class="collapse in">
        <blockquote class="layui-elem-quote">
            <pre>pt38.2: [WARNING] test_privacy_policy 出現錯誤/失敗，將重啟 driver。
</pre>
        </blockquote>
    </div>
    </td>
</tr>

<tr id='ft38.3' class=''>
    <td class='failCase'><div class='testcase'>test_terms_of_service</div></td>
    <td>
    <a onfocus='this.blur();' data-toggle="collapse" href="javascript:showTestDetail('div_ft38.3')">
        失败</a>
    </td>
    <td colspan='5'>
    <div id='div_ft38.3' class="collapse in">
        <blockquote class="layui-elem-quote">
            <pre>ft38.3: Test failed with assertion error: False is not true : Can't go to Terms Of Service website
Traceback (most recent call last):
  File "C:\Users\JPR68\Desktop\PythonProject\tests\about_test.py", line 117, in test_terms_of_service
    raise ae
  File "C:\Users\JPR68\Desktop\PythonProject\tests\about_test.py", line 110, in test_terms_of_service
    self.assertTrue(about_page.is_in_embedded_website(), "Can't go to Terms Of Service website")
    ~~~~~~~~~~~~~~~^^^^^^^^^^^^^^^^^^^^^^^^^^^^^^^^^^^^^^^^^^^^^^^^^^^^^^^^^^^^^^^^^^^^^^^^^^^^^
AssertionError: False is not true : Can't go to Terms Of Service website
</pre>
        </blockquote>
    </div>
    </td>
</tr>

                </tbody>
                <tr id='total_row' class="text-center active">
                    <td align="right">总计</td>
                    <td>170</td>
                    <td>122</td>
                    <td>11</td>
                    <td>23</td>
                    <td>14</td>
                    <td></td>
                </tr>
            </table>
        </div>
	</fieldset>

        <a href="#">
    <ul class="layui-fixbar"><li class="layui-icon layui-fixbar-top" lay-type="top" style="display: list-item;"></li></ul>
    </a>
    
        
    <script type="text/javascript">
        // 初始化echarts实例
        var myChart1 = echarts.init(document.getElementById('chart1'));
        var myChart2 = echarts.init(document.getElementById('chart2'));
        // 指定图表的配置项和数据
        option1 = {
            tooltip: {
                formatter: '{a} <br/>{b} : {c}%'
            },
            toolbox: {
                feature: {
                    restore: {},
                    saveAsImage: {}
                }
            },
            series: [{
                name: '测试结果',
                type: 'gauge',
                detail: {
                    formatter: '71.76%'
                },
                data: [{
                    value: '71.76',
                    name: '用例通过率'
                }],
                axisLine: {
                    lineStyle: {
                        color: [
                            [0.2, '#c20000'],
                            [0.8, '#ddb518'],
                            [1, '#00a10a']
                        ]
                    }
                }
            }]
        };
        option2 = {
            color: ['#00a10a', '#ddb518', 'rgba(204,46,41,0.73)', '#85898c'],
            tooltip: {
                trigger: 'item',
                formatter: '{a} <br/>{b}: {c} ({d}%)'
            },
            legend: {
                orient: 'vertical',
                left: 10,
                data: ['通过', '失败', '错误', '跳过']
            },
            series: [{
                name: '测试结果',
                type: 'pie',
                radius: ['50%', '70%'],
                avoidLabelOverlap: false,
                label: {
                    show: false,
                    position: 'center'
                },
                emphasis: {
                    label: {
                        show: true,
                        fontSize: '30',
                        fontWeight: 'bold'
                    }
                },
                labelLine: {
                    show: false
                },
                data: [{
                        value: 122,
                        name: '通过'
                    },
                    {
                        value: 11,
                        name: '失败'
                    },
                    {
                        value: 23,
                        name: '错误'
                    },
                    {
                        value: 14,
                        name: '跳过'
                    }
                ]
            }]
        };

        myChart1.setOption(option1);
        myChart2.setOption(option2);
    </script>
    
    </div>
</body>
</html>
